Analysis & Synthesis report for ERROR_Detection
Sat Nov 18 16:50:10 2017
Quartus Prime Version 17.0.0 Build 595 04/25/2017 SJ Lite Edition


---------------------
; Table of Contents ;
---------------------
  1. Legal Notice
  2. Analysis & Synthesis Summary
  3. Analysis & Synthesis Settings
  4. Analysis & Synthesis Source Files Read
  5. Analysis & Synthesis Resource Usage Summary
  6. Analysis & Synthesis Resource Utilization by Entity
  7. State Machine - |ERROR_Detection|BitStuffErrorBock:out_StuffError|estado_atual
  8. User-Specified and Inferred Latches
  9. Registers Removed During Synthesis
 10. General Register Statistics
 11. Inverted Register Statistics
 12. Multiplexer Restructuring Statistics (Restructuring Performed)
 13. Parameter Settings for User Entity Instance: EOF_Error_Block:out_EOF
 14. Parameter Settings for User Entity Instance: BitStuffErrorBock:out_StuffError
 15. Post-Synthesis Netlist Statistics for Top Partition
 16. Elapsed Time Per Partition
 17. Analysis & Synthesis Messages
 18. Analysis & Synthesis Suppressed Messages



----------------
; Legal Notice ;
----------------
Copyright (C) 2017  Intel Corporation. All rights reserved.
Your use of Intel Corporation's design tools, logic functions 
and other software and tools, and its AMPP partner logic 
functions, and any output files from any of the foregoing 
(including device programming or simulation files), and any 
associated documentation or information are expressly subject 
to the terms and conditions of the Intel Program License 
Subscription Agreement, the Intel Quartus Prime License Agreement,
the Intel MegaCore Function License Agreement, or other 
applicable license agreement, including, without limitation, 
that your use is for the sole purpose of programming logic 
devices manufactured by Intel and sold by Intel or its 
authorized distributors.  Please refer to the applicable 
agreement for further details.



+-------------------------------------------------------------------------------+
; Analysis & Synthesis Summary                                                  ;
+---------------------------------+---------------------------------------------+
; Analysis & Synthesis Status     ; Successful - Sat Nov 18 16:50:10 2017       ;
; Quartus Prime Version           ; 17.0.0 Build 595 04/25/2017 SJ Lite Edition ;
; Revision Name                   ; ERROR_Detection                             ;
; Top-level Entity Name           ; ERROR_Detection                             ;
; Family                          ; Cyclone V                                   ;
; Logic utilization (in ALMs)     ; N/A                                         ;
; Total registers                 ; 13                                          ;
; Total pins                      ; 8                                           ;
; Total virtual pins              ; 0                                           ;
; Total block memory bits         ; 0                                           ;
; Total DSP Blocks                ; 0                                           ;
; Total HSSI RX PCSs              ; 0                                           ;
; Total HSSI PMA RX Deserializers ; 0                                           ;
; Total HSSI TX PCSs              ; 0                                           ;
; Total HSSI PMA TX Serializers   ; 0                                           ;
; Total PLLs                      ; 0                                           ;
; Total DLLs                      ; 0                                           ;
+---------------------------------+---------------------------------------------+


+---------------------------------------------------------------------------------------------------------------------------+
; Analysis & Synthesis Settings                                                                                             ;
+---------------------------------------------------------------------------------+--------------------+--------------------+
; Option                                                                          ; Setting            ; Default Value      ;
+---------------------------------------------------------------------------------+--------------------+--------------------+
; Device                                                                          ; 5CGXFC7C7F23C8     ;                    ;
; Top-level entity name                                                           ; ERROR_Detection    ; ERROR_Detection    ;
; Family name                                                                     ; Cyclone V          ; Cyclone V          ;
; Use smart compilation                                                           ; Off                ; Off                ;
; Enable parallel Assembler and TimeQuest Timing Analyzer during compilation      ; On                 ; On                 ;
; Enable compact report table                                                     ; Off                ; Off                ;
; Restructure Multiplexers                                                        ; Auto               ; Auto               ;
; MLAB Add Timing Constraints For Mixed-Port Feed-Through Mode Setting Don't Care ; Off                ; Off                ;
; Create Debugging Nodes for IP Cores                                             ; Off                ; Off                ;
; Preserve fewer node names                                                       ; On                 ; On                 ;
; OpenCore Plus hardware evaluation                                               ; Enable             ; Enable             ;
; Verilog Version                                                                 ; Verilog_2001       ; Verilog_2001       ;
; VHDL Version                                                                    ; VHDL_1993          ; VHDL_1993          ;
; State Machine Processing                                                        ; Auto               ; Auto               ;
; Safe State Machine                                                              ; Off                ; Off                ;
; Extract Verilog State Machines                                                  ; On                 ; On                 ;
; Extract VHDL State Machines                                                     ; On                 ; On                 ;
; Ignore Verilog initial constructs                                               ; Off                ; Off                ;
; Iteration limit for constant Verilog loops                                      ; 5000               ; 5000               ;
; Iteration limit for non-constant Verilog loops                                  ; 250                ; 250                ;
; Add Pass-Through Logic to Inferred RAMs                                         ; On                 ; On                 ;
; Infer RAMs from Raw Logic                                                       ; On                 ; On                 ;
; Parallel Synthesis                                                              ; On                 ; On                 ;
; DSP Block Balancing                                                             ; Auto               ; Auto               ;
; NOT Gate Push-Back                                                              ; On                 ; On                 ;
; Power-Up Don't Care                                                             ; On                 ; On                 ;
; Remove Redundant Logic Cells                                                    ; Off                ; Off                ;
; Remove Duplicate Registers                                                      ; On                 ; On                 ;
; Ignore CARRY Buffers                                                            ; Off                ; Off                ;
; Ignore CASCADE Buffers                                                          ; Off                ; Off                ;
; Ignore GLOBAL Buffers                                                           ; Off                ; Off                ;
; Ignore ROW GLOBAL Buffers                                                       ; Off                ; Off                ;
; Ignore LCELL Buffers                                                            ; Off                ; Off                ;
; Ignore SOFT Buffers                                                             ; On                 ; On                 ;
; Limit AHDL Integers to 32 Bits                                                  ; Off                ; Off                ;
; Optimization Technique                                                          ; Balanced           ; Balanced           ;
; Carry Chain Length                                                              ; 70                 ; 70                 ;
; Auto Carry Chains                                                               ; On                 ; On                 ;
; Auto Open-Drain Pins                                                            ; On                 ; On                 ;
; Perform WYSIWYG Primitive Resynthesis                                           ; Off                ; Off                ;
; Auto ROM Replacement                                                            ; On                 ; On                 ;
; Auto RAM Replacement                                                            ; On                 ; On                 ;
; Auto DSP Block Replacement                                                      ; On                 ; On                 ;
; Auto Shift Register Replacement                                                 ; Auto               ; Auto               ;
; Allow Shift Register Merging across Hierarchies                                 ; Auto               ; Auto               ;
; Auto Clock Enable Replacement                                                   ; On                 ; On                 ;
; Strict RAM Replacement                                                          ; Off                ; Off                ;
; Allow Synchronous Control Signals                                               ; On                 ; On                 ;
; Force Use of Synchronous Clear Signals                                          ; Off                ; Off                ;
; Auto Resource Sharing                                                           ; Off                ; Off                ;
; Allow Any RAM Size For Recognition                                              ; Off                ; Off                ;
; Allow Any ROM Size For Recognition                                              ; Off                ; Off                ;
; Allow Any Shift Register Size For Recognition                                   ; Off                ; Off                ;
; Use LogicLock Constraints during Resource Balancing                             ; On                 ; On                 ;
; Ignore translate_off and synthesis_off directives                               ; Off                ; Off                ;
; Timing-Driven Synthesis                                                         ; On                 ; On                 ;
; Report Parameter Settings                                                       ; On                 ; On                 ;
; Report Source Assignments                                                       ; On                 ; On                 ;
; Report Connectivity Checks                                                      ; On                 ; On                 ;
; Ignore Maximum Fan-Out Assignments                                              ; Off                ; Off                ;
; Synchronization Register Chain Length                                           ; 3                  ; 3                  ;
; PowerPlay Power Optimization During Synthesis                                   ; Normal compilation ; Normal compilation ;
; HDL message level                                                               ; Level2             ; Level2             ;
; Suppress Register Optimization Related Messages                                 ; Off                ; Off                ;
; Number of Removed Registers Reported in Synthesis Report                        ; 5000               ; 5000               ;
; Number of Swept Nodes Reported in Synthesis Report                              ; 5000               ; 5000               ;
; Number of Inverted Registers Reported in Synthesis Report                       ; 100                ; 100                ;
; Clock MUX Protection                                                            ; On                 ; On                 ;
; Auto Gated Clock Conversion                                                     ; Off                ; Off                ;
; Block Design Naming                                                             ; Auto               ; Auto               ;
; SDC constraint protection                                                       ; Off                ; Off                ;
; Synthesis Effort                                                                ; Auto               ; Auto               ;
; Shift Register Replacement - Allow Asynchronous Clear Signal                    ; On                 ; On                 ;
; Pre-Mapping Resynthesis Optimization                                            ; Off                ; Off                ;
; Analysis & Synthesis Message Level                                              ; Medium             ; Medium             ;
; Disable Register Merging Across Hierarchies                                     ; Auto               ; Auto               ;
; Resource Aware Inference For Block RAM                                          ; On                 ; On                 ;
; Automatic Parallel Synthesis                                                    ; On                 ; On                 ;
; Partial Reconfiguration Bitstream ID                                            ; Off                ; Off                ;
+---------------------------------------------------------------------------------+--------------------+--------------------+


+----------------------------------------------------------------------------------------------------------------------------------------------------------------------------------------------------------------------------------------------------+
; Analysis & Synthesis Source Files Read                                                                                                                                                                                                             ;
+-----------------------------------------------------------------------------------------------+-----------------+------------------------+-----------------------------------------------------------------------------------------------+---------+
; File Name with User-Entered Path                                                              ; Used in Netlist ; File Type              ; File Name with Absolute Path                                                                  ; Library ;
+-----------------------------------------------------------------------------------------------+-----------------+------------------------+-----------------------------------------------------------------------------------------------+---------+
; E:/UFPE/7 Periodo/Redes Automotivas/Projeto /CANDecoder/Form_Error_Block/Form_Error_Block.v   ; yes             ; User Verilog HDL File  ; E:/UFPE/7 Periodo/Redes Automotivas/Projeto /CANDecoder/Form_Error_Block/Form_Error_Block.v   ;         ;
; E:/UFPE/7 Periodo/Redes Automotivas/Projeto /CANDecoder/EOF_Error_Block/EOF_Error_Block.v     ; yes             ; User Verilog HDL File  ; E:/UFPE/7 Periodo/Redes Automotivas/Projeto /CANDecoder/EOF_Error_Block/EOF_Error_Block.v     ;         ;
; E:/UFPE/7 Periodo/Redes Automotivas/Projeto /CANDecoder/BitStuffErrorBock/BitStuffErrorBock.v ; yes             ; User Verilog HDL File  ; E:/UFPE/7 Periodo/Redes Automotivas/Projeto /CANDecoder/BitStuffErrorBock/BitStuffErrorBock.v ;         ;
; ERROR_Detection.v                                                                             ; yes             ; User Verilog HDL File  ; C:/intelFPGA_lite/17.0/ERROR_Detection/ERROR_Detection.v                                      ;         ;
+-----------------------------------------------------------------------------------------------+-----------------+------------------------+-----------------------------------------------------------------------------------------------+---------+


+--------------------------------------------------------+
; Analysis & Synthesis Resource Usage Summary            ;
+---------------------------------------------+----------+
; Resource                                    ; Usage    ;
+---------------------------------------------+----------+
; Estimate of Logic utilization (ALMs needed) ; 36       ;
;                                             ;          ;
; Combinational ALUT usage for logic          ; 64       ;
;     -- 7 input functions                    ; 0        ;
;     -- 6 input functions                    ; 6        ;
;     -- 5 input functions                    ; 13       ;
;     -- 4 input functions                    ; 0        ;
;     -- <=3 input functions                  ; 45       ;
;                                             ;          ;
; Dedicated logic registers                   ; 13       ;
;                                             ;          ;
; I/O pins                                    ; 8        ;
;                                             ;          ;
; Total DSP Blocks                            ; 0        ;
;                                             ;          ;
; Maximum fan-out node                        ; RX~input ;
; Maximum fan-out                             ; 17       ;
; Total fan-out                               ; 260      ;
; Average fan-out                             ; 2.80     ;
+---------------------------------------------+----------+


+---------------------------------------------------------------------------------------------------------------------------------------------------------------------------------------------------------------------------------------+
; Analysis & Synthesis Resource Utilization by Entity                                                                                                                                                                                   ;
+---------------------------------------+---------------------+---------------------------+-------------------+------------+------+--------------+---------------------------------------------------+-------------------+--------------+
; Compilation Hierarchy Node            ; Combinational ALUTs ; Dedicated Logic Registers ; Block Memory Bits ; DSP Blocks ; Pins ; Virtual Pins ; Full Hierarchy Name                               ; Entity Name       ; Library Name ;
+---------------------------------------+---------------------+---------------------------+-------------------+------------+------+--------------+---------------------------------------------------+-------------------+--------------+
; |ERROR_Detection                      ; 64 (1)              ; 13 (0)                    ; 0                 ; 0          ; 8    ; 0            ; |ERROR_Detection                                  ; ERROR_Detection   ; work         ;
;    |BitStuffErrorBock:out_StuffError| ; 26 (26)             ; 12 (12)                   ; 0                 ; 0          ; 0    ; 0            ; |ERROR_Detection|BitStuffErrorBock:out_StuffError ; BitStuffErrorBock ; work         ;
;    |EOF_Error_Block:out_EOF|          ; 36 (36)             ; 0 (0)                     ; 0                 ; 0          ; 0    ; 0            ; |ERROR_Detection|EOF_Error_Block:out_EOF          ; EOF_Error_Block   ; work         ;
;    |Form_Error_Block:out_Form|        ; 1 (1)               ; 1 (1)                     ; 0                 ; 0          ; 0    ; 0            ; |ERROR_Detection|Form_Error_Block:out_Form        ; Form_Error_Block  ; work         ;
+---------------------------------------+---------------------+---------------------------+-------------------+------------+------+--------------+---------------------------------------------------+-------------------+--------------+
Note: For table entries with two numbers listed, the numbers in parentheses indicate the number of resources of the given type used by the specific entity alone. The numbers listed outside of parentheses indicate the total resources of the given type used by the specific entity and all of its sub-entities in the hierarchy.


Encoding Type:  One-Hot
+--------------------------------------------------------------------------------+
; State Machine - |ERROR_Detection|BitStuffErrorBock:out_StuffError|estado_atual ;
+-----------------------+--------------------------------------------------------+
; Name                  ; estado_atual.sts2                                      ;
+-----------------------+--------------------------------------------------------+
; estado_atual.00000000 ; 0                                                      ;
; estado_atual.sts2     ; 1                                                      ;
+-----------------------+--------------------------------------------------------+


+--------------------------------------------------------------------------------------------------------------------------+
; User-Specified and Inferred Latches                                                                                      ;
+-----------------------------------------------------+-------------------------------------------+------------------------+
; Latch Name                                          ; Latch Enable Signal                       ; Free of Timing Hazards ;
+-----------------------------------------------------+-------------------------------------------+------------------------+
; EOF_Error_Block:out_EOF|EOF_Error                   ; EOF_Error_Block:out_EOF|EOF_Error         ; yes                    ;
; EOF_Error_Block:out_EOF|cont[3]                     ; EOF_Error_Block:out_EOF|cont[1]           ; yes                    ;
; EOF_Error_Block:out_EOF|cont[4]                     ; EOF_Error_Block:out_EOF|cont[1]           ; yes                    ;
; EOF_Error_Block:out_EOF|cont[5]                     ; EOF_Error_Block:out_EOF|cont[1]           ; yes                    ;
; EOF_Error_Block:out_EOF|cont[6]                     ; EOF_Error_Block:out_EOF|cont[1]           ; yes                    ;
; EOF_Error_Block:out_EOF|cont[7]                     ; EOF_Error_Block:out_EOF|cont[1]           ; yes                    ;
; EOF_Error_Block:out_EOF|cont[8]                     ; EOF_Error_Block:out_EOF|cont[1]           ; yes                    ;
; EOF_Error_Block:out_EOF|cont[1]                     ; EOF_Error_Block:out_EOF|cont[1]           ; yes                    ;
; EOF_Error_Block:out_EOF|cont[2]                     ; EOF_Error_Block:out_EOF|cont[1]           ; yes                    ;
; EOF_Error_Block:out_EOF|cont[0]                     ; EOF_Error_Block:out_EOF|cont[1]           ; yes                    ;
; EOF_Error_Block:out_EOF|estado_atual.sts1_225       ; EOF_Error_Block:out_EOF|estado_atual.sts1 ; yes                    ;
; Number of user-specified and inferred latches = 11  ;                                           ;                        ;
+-----------------------------------------------------+-------------------------------------------+------------------------+
Note: All latches listed above may not be present at the end of synthesis due to various synthesis optimizations.


+-----------------------------------------------------------------------+
; Registers Removed During Synthesis                                    ;
+--------------------------------------------------+--------------------+
; Register name                                    ; Reason for Removal ;
+--------------------------------------------------+--------------------+
; BitStuffErrorBock:out_StuffError|estado_atual~5  ; Lost fanout        ;
; BitStuffErrorBock:out_StuffError|estado_atual~6  ; Lost fanout        ;
; BitStuffErrorBock:out_StuffError|estado_atual~7  ; Lost fanout        ;
; BitStuffErrorBock:out_StuffError|estado_atual~8  ; Lost fanout        ;
; BitStuffErrorBock:out_StuffError|estado_atual~9  ; Lost fanout        ;
; BitStuffErrorBock:out_StuffError|estado_atual~10 ; Lost fanout        ;
; BitStuffErrorBock:out_StuffError|estado_atual~11 ; Lost fanout        ;
; Total Number of Removed Registers = 7            ;                    ;
+--------------------------------------------------+--------------------+


+------------------------------------------------------+
; General Register Statistics                          ;
+----------------------------------------------+-------+
; Statistic                                    ; Value ;
+----------------------------------------------+-------+
; Total registers                              ; 13    ;
; Number of registers using Synchronous Clear  ; 9     ;
; Number of registers using Synchronous Load   ; 0     ;
; Number of registers using Asynchronous Clear ; 1     ;
; Number of registers using Asynchronous Load  ; 0     ;
; Number of registers using Clock Enable       ; 9     ;
; Number of registers using Preset             ; 0     ;
+----------------------------------------------+-------+


+----------------------------------------------------+
; Inverted Register Statistics                       ;
+------------------------------------------+---------+
; Inverted Register                        ; Fan out ;
+------------------------------------------+---------+
; Form_Error_Block:out_Form|FORM_Error     ; 1       ;
; BitStuffErrorBock:out_StuffError|STF_ERR ; 2       ;
; Total number of inverted registers = 2   ;         ;
+------------------------------------------+---------+


+------------------------------------------------------------------------------------------------------------------------------------------------------------------------------+
; Multiplexer Restructuring Statistics (Restructuring Performed)                                                                                                               ;
+--------------------+-----------+---------------+----------------------+------------------------+------------+----------------------------------------------------------------+
; Multiplexer Inputs ; Bus Width ; Baseline Area ; Area if Restructured ; Saving if Restructured ; Registered ; Example Multiplexer Output                                     ;
+--------------------+-----------+---------------+----------------------+------------------------+------------+----------------------------------------------------------------+
; 7:1                ; 9 bits    ; 36 LEs        ; 9 LEs                ; 27 LEs                 ; Yes        ; |ERROR_Detection|BitStuffErrorBock:out_StuffError|cont[1]      ;
; 3:1                ; 8 bits    ; 16 LEs        ; 16 LEs               ; 0 LEs                  ; No         ; |ERROR_Detection|EOF_Error_Block:out_EOF|cont[8]               ;
; 5:1                ; 2 bits    ; 6 LEs         ; 6 LEs                ; 0 LEs                  ; No         ; |ERROR_Detection|BitStuffErrorBock:out_StuffError|estado_atual ;
+--------------------+-----------+---------------+----------------------+------------------------+------------+----------------------------------------------------------------+


+----------------------------------------------------------------------+
; Parameter Settings for User Entity Instance: EOF_Error_Block:out_EOF ;
+----------------+-------+---------------------------------------------+
; Parameter Name ; Value ; Type                                        ;
+----------------+-------+---------------------------------------------+
; sts1           ; 0     ; Signed Integer                              ;
; sts2           ; 1     ; Signed Integer                              ;
; sts3           ; 2     ; Signed Integer                              ;
+----------------+-------+---------------------------------------------+
Note: In order to hide this table in the UI and the text report file, please set the "Show Parameter Settings in Synthesis Report" option in "Analysis and Synthesis Settings -> More Settings" to "Off".


+-------------------------------------------------------------------------------+
; Parameter Settings for User Entity Instance: BitStuffErrorBock:out_StuffError ;
+----------------+-------+------------------------------------------------------+
; Parameter Name ; Value ; Type                                                 ;
+----------------+-------+------------------------------------------------------+
; sts1           ; 0     ; Signed Integer                                       ;
; sts2           ; 1     ; Signed Integer                                       ;
+----------------+-------+------------------------------------------------------+
Note: In order to hide this table in the UI and the text report file, please set the "Show Parameter Settings in Synthesis Report" option in "Analysis and Synthesis Settings -> More Settings" to "Off".


+-----------------------------------------------------+
; Post-Synthesis Netlist Statistics for Top Partition ;
+-----------------------+-----------------------------+
; Type                  ; Count                       ;
+-----------------------+-----------------------------+
; arriav_ff             ; 13                          ;
;     CLR               ; 1                           ;
;     ENA SCLR          ; 9                           ;
;     plain             ; 3                           ;
; arriav_lcell_comb     ; 64                          ;
;     arith             ; 18                          ;
;         1 data inputs ; 18                          ;
;     normal            ; 46                          ;
;         2 data inputs ; 10                          ;
;         3 data inputs ; 17                          ;
;         5 data inputs ; 13                          ;
;         6 data inputs ; 6                           ;
; boundary_port         ; 8                           ;
;                       ;                             ;
; Max LUT depth         ; 3.80                        ;
; Average LUT depth     ; 2.61                        ;
+-----------------------+-----------------------------+


+-------------------------------+
; Elapsed Time Per Partition    ;
+----------------+--------------+
; Partition Name ; Elapsed Time ;
+----------------+--------------+
; Top            ; 00:00:01     ;
+----------------+--------------+


+-------------------------------+
; Analysis & Synthesis Messages ;
+-------------------------------+
Info: *******************************************************************
Info: Running Quartus Prime Analysis & Synthesis
    Info: Version 17.0.0 Build 595 04/25/2017 SJ Lite Edition
    Info: Processing started: Sat Nov 18 16:49:29 2017
Info: Command: quartus_map --read_settings_files=on --write_settings_files=off ERROR_Detection -c ERROR_Detection
Warning (18236): Number of processors has not been specified which may cause overloading on shared machines.  Set the global assignment NUM_PARALLEL_PROCESSORS in your QSF to an appropriate value for best performance.
Info (20029): Only one processor detected - disabling parallel compilation
Info (12021): Found 1 design units, including 1 entities, in source file e:/ufpe/7 periodo/redes automotivas/projeto /candecoder/bitstufferrorbock/bitstuff_tb.v
    Info (12023): Found entity 1: bitStuff_TB File: E:/UFPE/7 Periodo/Redes Automotivas/Projeto /CANDecoder/BitStuffErrorBock/bitStuff_TB.v Line: 2
Info (12021): Found 1 design units, including 1 entities, in source file e:/ufpe/7 periodo/redes automotivas/projeto /candecoder/error_block/error_block.v
    Info (12023): Found entity 1: Error_Block File: E:/UFPE/7 Periodo/Redes Automotivas/Projeto /CANDecoder/Error_Block/Error_Block.v Line: 1
Info (12021): Found 1 design units, including 1 entities, in source file e:/ufpe/7 periodo/redes automotivas/projeto /candecoder/form_error_block/form_error_block.v
    Info (12023): Found entity 1: Form_Error_Block File: E:/UFPE/7 Periodo/Redes Automotivas/Projeto /CANDecoder/Form_Error_Block/Form_Error_Block.v Line: 1
Info (12021): Found 1 design units, including 1 entities, in source file e:/ufpe/7 periodo/redes automotivas/projeto /candecoder/eof_error_block/eof_error_block.v
    Info (12023): Found entity 1: EOF_Error_Block File: E:/UFPE/7 Periodo/Redes Automotivas/Projeto /CANDecoder/EOF_Error_Block/EOF_Error_Block.v Line: 3
Info (12021): Found 1 design units, including 1 entities, in source file e:/ufpe/7 periodo/redes automotivas/projeto /candecoder/bitstufferrorbock/bitstufferrorbock.v
    Info (12023): Found entity 1: BitStuffErrorBock File: E:/UFPE/7 Periodo/Redes Automotivas/Projeto /CANDecoder/BitStuffErrorBock/BitStuffErrorBock.v Line: 1
Info (12021): Found 1 design units, including 1 entities, in source file error_detection.v
    Info (12023): Found entity 1: ERROR_Detection File: C:/intelFPGA_lite/17.0/ERROR_Detection/ERROR_Detection.v Line: 1
Info (12021): Found 1 design units, including 1 entities, in source file erro_detection_tb.v
    Info (12023): Found entity 1: ERRO_Detection_TB File: C:/intelFPGA_lite/17.0/ERROR_Detection/ERRO_Detection_TB.v Line: 3
Info (12127): Elaborating entity "ERROR_Detection" for the top level hierarchy
Info (12128): Elaborating entity "Form_Error_Block" for hierarchy "Form_Error_Block:out_Form" File: C:/intelFPGA_lite/17.0/ERROR_Detection/ERROR_Detection.v Line: 10
Info (12128): Elaborating entity "EOF_Error_Block" for hierarchy "EOF_Error_Block:out_EOF" File: C:/intelFPGA_lite/17.0/ERROR_Detection/ERROR_Detection.v Line: 11
Warning (10036): Verilog HDL or VHDL warning at EOF_Error_Block.v(12): object "i" assigned a value but never read File: E:/UFPE/7 Periodo/Redes Automotivas/Projeto /CANDecoder/EOF_Error_Block/EOF_Error_Block.v Line: 12
Warning (10240): Verilog HDL Always Construct warning at EOF_Error_Block.v(23): inferring latch(es) for variable "estado_atual", which holds its previous value in one or more paths through the always construct File: E:/UFPE/7 Periodo/Redes Automotivas/Projeto /CANDecoder/EOF_Error_Block/EOF_Error_Block.v Line: 23
Warning (10240): Verilog HDL Always Construct warning at EOF_Error_Block.v(23): inferring latch(es) for variable "EOF_Error", which holds its previous value in one or more paths through the always construct File: E:/UFPE/7 Periodo/Redes Automotivas/Projeto /CANDecoder/EOF_Error_Block/EOF_Error_Block.v Line: 23
Warning (10240): Verilog HDL Always Construct warning at EOF_Error_Block.v(23): inferring latch(es) for variable "cont", which holds its previous value in one or more paths through the always construct File: E:/UFPE/7 Periodo/Redes Automotivas/Projeto /CANDecoder/EOF_Error_Block/EOF_Error_Block.v Line: 23
Info (10041): Inferred latch for "cont[0]" at EOF_Error_Block.v(23) File: E:/UFPE/7 Periodo/Redes Automotivas/Projeto /CANDecoder/EOF_Error_Block/EOF_Error_Block.v Line: 23
Info (10041): Inferred latch for "cont[1]" at EOF_Error_Block.v(23) File: E:/UFPE/7 Periodo/Redes Automotivas/Projeto /CANDecoder/EOF_Error_Block/EOF_Error_Block.v Line: 23
Info (10041): Inferred latch for "cont[2]" at EOF_Error_Block.v(23) File: E:/UFPE/7 Periodo/Redes Automotivas/Projeto /CANDecoder/EOF_Error_Block/EOF_Error_Block.v Line: 23
Info (10041): Inferred latch for "cont[3]" at EOF_Error_Block.v(23) File: E:/UFPE/7 Periodo/Redes Automotivas/Projeto /CANDecoder/EOF_Error_Block/EOF_Error_Block.v Line: 23
Info (10041): Inferred latch for "cont[4]" at EOF_Error_Block.v(23) File: E:/UFPE/7 Periodo/Redes Automotivas/Projeto /CANDecoder/EOF_Error_Block/EOF_Error_Block.v Line: 23
Info (10041): Inferred latch for "cont[5]" at EOF_Error_Block.v(23) File: E:/UFPE/7 Periodo/Redes Automotivas/Projeto /CANDecoder/EOF_Error_Block/EOF_Error_Block.v Line: 23
Info (10041): Inferred latch for "cont[6]" at EOF_Error_Block.v(23) File: E:/UFPE/7 Periodo/Redes Automotivas/Projeto /CANDecoder/EOF_Error_Block/EOF_Error_Block.v Line: 23
Info (10041): Inferred latch for "cont[7]" at EOF_Error_Block.v(23) File: E:/UFPE/7 Periodo/Redes Automotivas/Projeto /CANDecoder/EOF_Error_Block/EOF_Error_Block.v Line: 23
Info (10041): Inferred latch for "cont[8]" at EOF_Error_Block.v(23) File: E:/UFPE/7 Periodo/Redes Automotivas/Projeto /CANDecoder/EOF_Error_Block/EOF_Error_Block.v Line: 23
Info (10041): Inferred latch for "EOF_Error" at EOF_Error_Block.v(23) File: E:/UFPE/7 Periodo/Redes Automotivas/Projeto /CANDecoder/EOF_Error_Block/EOF_Error_Block.v Line: 23
Info (10041): Inferred latch for "estado_atual.sts2" at EOF_Error_Block.v(23) File: E:/UFPE/7 Periodo/Redes Automotivas/Projeto /CANDecoder/EOF_Error_Block/EOF_Error_Block.v Line: 23
Info (10041): Inferred latch for "estado_atual.sts1" at EOF_Error_Block.v(23) File: E:/UFPE/7 Periodo/Redes Automotivas/Projeto /CANDecoder/EOF_Error_Block/EOF_Error_Block.v Line: 23
Info (12128): Elaborating entity "BitStuffErrorBock" for hierarchy "BitStuffErrorBock:out_StuffError" File: C:/intelFPGA_lite/17.0/ERROR_Detection/ERROR_Detection.v Line: 12
Warning (13012): Latch EOF_Error_Block:out_EOF|EOF_Error has unsafe behavior File: E:/UFPE/7 Periodo/Redes Automotivas/Projeto /CANDecoder/EOF_Error_Block/EOF_Error_Block.v Line: 8
    Warning (13013): Ports D and ENA on the latch are fed by the same signal RX File: C:/intelFPGA_lite/17.0/ERROR_Detection/ERROR_Detection.v Line: 3
Warning (13012): Latch EOF_Error_Block:out_EOF|cont[3] has unsafe behavior File: E:/UFPE/7 Periodo/Redes Automotivas/Projeto /CANDecoder/EOF_Error_Block/EOF_Error_Block.v Line: 23
    Warning (13013): Ports D and ENA on the latch are fed by the same signal EOF_Error_Block:out_EOF|estado_atual.sts1_225 File: E:/UFPE/7 Periodo/Redes Automotivas/Projeto /CANDecoder/EOF_Error_Block/EOF_Error_Block.v Line: 23
Warning (13012): Latch EOF_Error_Block:out_EOF|cont[4] has unsafe behavior File: E:/UFPE/7 Periodo/Redes Automotivas/Projeto /CANDecoder/EOF_Error_Block/EOF_Error_Block.v Line: 23
    Warning (13013): Ports D and ENA on the latch are fed by the same signal EOF_Error_Block:out_EOF|estado_atual.sts1_225 File: E:/UFPE/7 Periodo/Redes Automotivas/Projeto /CANDecoder/EOF_Error_Block/EOF_Error_Block.v Line: 23
Warning (13012): Latch EOF_Error_Block:out_EOF|cont[5] has unsafe behavior File: E:/UFPE/7 Periodo/Redes Automotivas/Projeto /CANDecoder/EOF_Error_Block/EOF_Error_Block.v Line: 23
    Warning (13013): Ports D and ENA on the latch are fed by the same signal EOF_Error_Block:out_EOF|estado_atual.sts1_225 File: E:/UFPE/7 Periodo/Redes Automotivas/Projeto /CANDecoder/EOF_Error_Block/EOF_Error_Block.v Line: 23
Warning (13012): Latch EOF_Error_Block:out_EOF|cont[6] has unsafe behavior File: E:/UFPE/7 Periodo/Redes Automotivas/Projeto /CANDecoder/EOF_Error_Block/EOF_Error_Block.v Line: 23
    Warning (13013): Ports D and ENA on the latch are fed by the same signal EOF_Error_Block:out_EOF|estado_atual.sts1_225 File: E:/UFPE/7 Periodo/Redes Automotivas/Projeto /CANDecoder/EOF_Error_Block/EOF_Error_Block.v Line: 23
Warning (13012): Latch EOF_Error_Block:out_EOF|cont[7] has unsafe behavior File: E:/UFPE/7 Periodo/Redes Automotivas/Projeto /CANDecoder/EOF_Error_Block/EOF_Error_Block.v Line: 23
    Warning (13013): Ports D and ENA on the latch are fed by the same signal EOF_Error_Block:out_EOF|estado_atual.sts1_225 File: E:/UFPE/7 Periodo/Redes Automotivas/Projeto /CANDecoder/EOF_Error_Block/EOF_Error_Block.v Line: 23
Warning (13012): Latch EOF_Error_Block:out_EOF|cont[8] has unsafe behavior File: E:/UFPE/7 Periodo/Redes Automotivas/Projeto /CANDecoder/EOF_Error_Block/EOF_Error_Block.v Line: 23
    Warning (13013): Ports D and ENA on the latch are fed by the same signal EOF_Error_Block:out_EOF|estado_atual.sts1_225 File: E:/UFPE/7 Periodo/Redes Automotivas/Projeto /CANDecoder/EOF_Error_Block/EOF_Error_Block.v Line: 23
Warning (13012): Latch EOF_Error_Block:out_EOF|cont[1] has unsafe behavior File: E:/UFPE/7 Periodo/Redes Automotivas/Projeto /CANDecoder/EOF_Error_Block/EOF_Error_Block.v Line: 23
    Warning (13013): Ports D and ENA on the latch are fed by the same signal EOF_Error_Block:out_EOF|estado_atual.sts1_225 File: E:/UFPE/7 Periodo/Redes Automotivas/Projeto /CANDecoder/EOF_Error_Block/EOF_Error_Block.v Line: 23
Warning (13012): Latch EOF_Error_Block:out_EOF|cont[2] has unsafe behavior File: E:/UFPE/7 Periodo/Redes Automotivas/Projeto /CANDecoder/EOF_Error_Block/EOF_Error_Block.v Line: 23
    Warning (13013): Ports D and ENA on the latch are fed by the same signal EOF_Error_Block:out_EOF|estado_atual.sts1_225 File: E:/UFPE/7 Periodo/Redes Automotivas/Projeto /CANDecoder/EOF_Error_Block/EOF_Error_Block.v Line: 23
Warning (13012): Latch EOF_Error_Block:out_EOF|cont[0] has unsafe behavior File: E:/UFPE/7 Periodo/Redes Automotivas/Projeto /CANDecoder/EOF_Error_Block/EOF_Error_Block.v Line: 23
    Warning (13013): Ports D and ENA on the latch are fed by the same signal EOF_Error_Block:out_EOF|estado_atual.sts1_225 File: E:/UFPE/7 Periodo/Redes Automotivas/Projeto /CANDecoder/EOF_Error_Block/EOF_Error_Block.v Line: 23
Warning (13012): Latch EOF_Error_Block:out_EOF|estado_atual.sts1_225 has unsafe behavior File: E:/UFPE/7 Periodo/Redes Automotivas/Projeto /CANDecoder/EOF_Error_Block/EOF_Error_Block.v Line: 23
    Warning (13013): Ports D and ENA on the latch are fed by the same signal RX File: C:/intelFPGA_lite/17.0/ERROR_Detection/ERROR_Detection.v Line: 3
Info (286030): Timing-Driven Synthesis is running
Info (17049): 7 registers lost all their fanouts during netlist optimizations.
Info (144001): Generated suppressed messages file C:/intelFPGA_lite/17.0/ERROR_Detection/output_files/ERROR_Detection.map.smsg
Info (16010): Generating hard_block partition "hard_block:auto_generated_inst"
    Info (16011): Adding 0 node(s), including 0 DDIO, 0 PLL, 0 transceiver and 0 LCELL
Info (21057): Implemented 73 device resources after synthesis - the final resource count might be different
    Info (21058): Implemented 7 input pins
    Info (21059): Implemented 1 output pins
    Info (21061): Implemented 65 logic cells
Info: Quartus Prime Analysis & Synthesis was successful. 0 errors, 27 warnings
    Info: Peak virtual memory: 674 megabytes
    Info: Processing ended: Sat Nov 18 16:50:11 2017
    Info: Elapsed time: 00:00:42
    Info: Total CPU time (on all processors): 00:00:40


+------------------------------------------+
; Analysis & Synthesis Suppressed Messages ;
+------------------------------------------+
The suppressed messages can be found in C:/intelFPGA_lite/17.0/ERROR_Detection/output_files/ERROR_Detection.map.smsg.


