Analysis & Synthesis report for Error_Block
Thu Nov 30 10:22:38 2017
Quartus Prime Version 17.0.0 Build 595 04/25/2017 SJ Lite Edition


---------------------
; Table of Contents ;
---------------------
  1. Legal Notice
  2. Analysis & Synthesis Summary
  3. Analysis & Synthesis Settings
  4. Parallel Compilation
  5. Analysis & Synthesis Source Files Read
  6. Analysis & Synthesis Resource Usage Summary
  7. Analysis & Synthesis Resource Utilization by Entity
  8. State Machine - |Error_Block|Stuff_Error_Block:out_Stuff|estado_atual
  9. State Machine - |Error_Block|EOF_Error_Block:out_EOF|estado_atual
 10. Registers Removed During Synthesis
 11. General Register Statistics
 12. Inverted Register Statistics
 13. Multiplexer Restructuring Statistics (Restructuring Performed)
 14. Parameter Settings for User Entity Instance: EOF_Error_Block:out_EOF
 15. Parameter Settings for User Entity Instance: Stuff_Error_Block:out_Stuff
 16. Post-Synthesis Netlist Statistics for Top Partition
 17. Elapsed Time Per Partition
 18. Analysis & Synthesis Messages



----------------
; Legal Notice ;
----------------
Copyright (C) 2017  Intel Corporation. All rights reserved.
Your use of Intel Corporation's design tools, logic functions 
and other software and tools, and its AMPP partner logic 
functions, and any output files from any of the foregoing 
(including device programming or simulation files), and any 
associated documentation or information are expressly subject 
to the terms and conditions of the Intel Program License 
Subscription Agreement, the Intel Quartus Prime License Agreement,
the Intel MegaCore Function License Agreement, or other 
applicable license agreement, including, without limitation, 
that your use is for the sole purpose of programming logic 
devices manufactured by Intel and sold by Intel or its 
authorized distributors.  Please refer to the applicable 
agreement for further details.



+-------------------------------------------------------------------------------+
; Analysis & Synthesis Summary                                                  ;
+---------------------------------+---------------------------------------------+
; Analysis & Synthesis Status     ; Successful - Thu Nov 30 10:22:38 2017       ;
; Quartus Prime Version           ; 17.0.0 Build 595 04/25/2017 SJ Lite Edition ;
; Revision Name                   ; Error_Block                                 ;
; Top-level Entity Name           ; Error_Block                                 ;
; Family                          ; Cyclone V                                   ;
; Logic utilization (in ALMs)     ; N/A                                         ;
; Total registers                 ; 24                                          ;
; Total pins                      ; 8                                           ;
; Total virtual pins              ; 0                                           ;
; Total block memory bits         ; 0                                           ;
; Total DSP Blocks                ; 0                                           ;
; Total HSSI RX PCSs              ; 0                                           ;
; Total HSSI PMA RX Deserializers ; 0                                           ;
; Total HSSI TX PCSs              ; 0                                           ;
; Total HSSI PMA TX Serializers   ; 0                                           ;
; Total PLLs                      ; 0                                           ;
; Total DLLs                      ; 0                                           ;
+---------------------------------+---------------------------------------------+


+---------------------------------------------------------------------------------------------------------------------------+
; Analysis & Synthesis Settings                                                                                             ;
+---------------------------------------------------------------------------------+--------------------+--------------------+
; Option                                                                          ; Setting            ; Default Value      ;
+---------------------------------------------------------------------------------+--------------------+--------------------+
; Device                                                                          ; 5CGXFC7C7F23C8     ;                    ;
; Top-level entity name                                                           ; Error_Block        ; Error_Block        ;
; Family name                                                                     ; Cyclone V          ; Cyclone V          ;
; Use smart compilation                                                           ; Off                ; Off                ;
; Enable parallel Assembler and TimeQuest Timing Analyzer during compilation      ; On                 ; On                 ;
; Enable compact report table                                                     ; Off                ; Off                ;
; Restructure Multiplexers                                                        ; Auto               ; Auto               ;
; MLAB Add Timing Constraints For Mixed-Port Feed-Through Mode Setting Don't Care ; Off                ; Off                ;
; Create Debugging Nodes for IP Cores                                             ; Off                ; Off                ;
; Preserve fewer node names                                                       ; On                 ; On                 ;
; OpenCore Plus hardware evaluation                                               ; Enable             ; Enable             ;
; Verilog Version                                                                 ; Verilog_2001       ; Verilog_2001       ;
; VHDL Version                                                                    ; VHDL_1993          ; VHDL_1993          ;
; State Machine Processing                                                        ; Auto               ; Auto               ;
; Safe State Machine                                                              ; Off                ; Off                ;
; Extract Verilog State Machines                                                  ; On                 ; On                 ;
; Extract VHDL State Machines                                                     ; On                 ; On                 ;
; Ignore Verilog initial constructs                                               ; Off                ; Off                ;
; Iteration limit for constant Verilog loops                                      ; 5000               ; 5000               ;
; Iteration limit for non-constant Verilog loops                                  ; 250                ; 250                ;
; Add Pass-Through Logic to Inferred RAMs                                         ; On                 ; On                 ;
; Infer RAMs from Raw Logic                                                       ; On                 ; On                 ;
; Parallel Synthesis                                                              ; On                 ; On                 ;
; DSP Block Balancing                                                             ; Auto               ; Auto               ;
; NOT Gate Push-Back                                                              ; On                 ; On                 ;
; Power-Up Don't Care                                                             ; On                 ; On                 ;
; Remove Redundant Logic Cells                                                    ; Off                ; Off                ;
; Remove Duplicate Registers                                                      ; On                 ; On                 ;
; Ignore CARRY Buffers                                                            ; Off                ; Off                ;
; Ignore CASCADE Buffers                                                          ; Off                ; Off                ;
; Ignore GLOBAL Buffers                                                           ; Off                ; Off                ;
; Ignore ROW GLOBAL Buffers                                                       ; Off                ; Off                ;
; Ignore LCELL Buffers                                                            ; Off                ; Off                ;
; Ignore SOFT Buffers                                                             ; On                 ; On                 ;
; Limit AHDL Integers to 32 Bits                                                  ; Off                ; Off                ;
; Optimization Technique                                                          ; Balanced           ; Balanced           ;
; Carry Chain Length                                                              ; 70                 ; 70                 ;
; Auto Carry Chains                                                               ; On                 ; On                 ;
; Auto Open-Drain Pins                                                            ; On                 ; On                 ;
; Perform WYSIWYG Primitive Resynthesis                                           ; Off                ; Off                ;
; Auto ROM Replacement                                                            ; On                 ; On                 ;
; Auto RAM Replacement                                                            ; On                 ; On                 ;
; Auto DSP Block Replacement                                                      ; On                 ; On                 ;
; Auto Shift Register Replacement                                                 ; Auto               ; Auto               ;
; Allow Shift Register Merging across Hierarchies                                 ; Auto               ; Auto               ;
; Auto Clock Enable Replacement                                                   ; On                 ; On                 ;
; Strict RAM Replacement                                                          ; Off                ; Off                ;
; Allow Synchronous Control Signals                                               ; On                 ; On                 ;
; Force Use of Synchronous Clear Signals                                          ; Off                ; Off                ;
; Auto Resource Sharing                                                           ; Off                ; Off                ;
; Allow Any RAM Size For Recognition                                              ; Off                ; Off                ;
; Allow Any ROM Size For Recognition                                              ; Off                ; Off                ;
; Allow Any Shift Register Size For Recognition                                   ; Off                ; Off                ;
; Use LogicLock Constraints during Resource Balancing                             ; On                 ; On                 ;
; Ignore translate_off and synthesis_off directives                               ; Off                ; Off                ;
; Timing-Driven Synthesis                                                         ; On                 ; On                 ;
; Report Parameter Settings                                                       ; On                 ; On                 ;
; Report Source Assignments                                                       ; On                 ; On                 ;
; Report Connectivity Checks                                                      ; On                 ; On                 ;
; Ignore Maximum Fan-Out Assignments                                              ; Off                ; Off                ;
; Synchronization Register Chain Length                                           ; 3                  ; 3                  ;
; PowerPlay Power Optimization During Synthesis                                   ; Normal compilation ; Normal compilation ;
; HDL message level                                                               ; Level2             ; Level2             ;
; Suppress Register Optimization Related Messages                                 ; Off                ; Off                ;
; Number of Removed Registers Reported in Synthesis Report                        ; 5000               ; 5000               ;
; Number of Swept Nodes Reported in Synthesis Report                              ; 5000               ; 5000               ;
; Number of Inverted Registers Reported in Synthesis Report                       ; 100                ; 100                ;
; Clock MUX Protection                                                            ; On                 ; On                 ;
; Auto Gated Clock Conversion                                                     ; Off                ; Off                ;
; Block Design Naming                                                             ; Auto               ; Auto               ;
; SDC constraint protection                                                       ; Off                ; Off                ;
; Synthesis Effort                                                                ; Auto               ; Auto               ;
; Shift Register Replacement - Allow Asynchronous Clear Signal                    ; On                 ; On                 ;
; Pre-Mapping Resynthesis Optimization                                            ; Off                ; Off                ;
; Analysis & Synthesis Message Level                                              ; Medium             ; Medium             ;
; Disable Register Merging Across Hierarchies                                     ; Auto               ; Auto               ;
; Resource Aware Inference For Block RAM                                          ; On                 ; On                 ;
; Automatic Parallel Synthesis                                                    ; On                 ; On                 ;
; Partial Reconfiguration Bitstream ID                                            ; Off                ; Off                ;
+---------------------------------------------------------------------------------+--------------------+--------------------+


+------------------------------------------+
; Parallel Compilation                     ;
+----------------------------+-------------+
; Processors                 ; Number      ;
+----------------------------+-------------+
; Number detected on machine ; 4           ;
; Maximum allowed            ; 2           ;
;                            ;             ;
; Average used               ; 1.00        ;
; Maximum used               ; 2           ;
;                            ;             ;
; Usage by Processor         ; % Time Used ;
;     Processor 1            ; 100.0%      ;
;     Processor 2            ;   0.0%      ;
+----------------------------+-------------+


+----------------------------------------------------------------------------------------------------------------------------------------------------+
; Analysis & Synthesis Source Files Read                                                                                                             ;
+----------------------------------+-----------------+------------------------+------------------------------------------------------------+---------+
; File Name with User-Entered Path ; Used in Netlist ; File Type              ; File Name with Absolute Path                               ; Library ;
+----------------------------------+-----------------+------------------------+------------------------------------------------------------+---------+
; Stuff_Error_Block.v              ; yes             ; User Verilog HDL File  ; F:/ERROR BLOCK/Error Blocks Integrados/Stuff_Error_Block.v ;         ;
; Form_Error_Block.v               ; yes             ; User Verilog HDL File  ; F:/ERROR BLOCK/Error Blocks Integrados/Form_Error_Block.v  ;         ;
; EOF_Error_Block.v                ; yes             ; User Verilog HDL File  ; F:/ERROR BLOCK/Error Blocks Integrados/EOF_Error_Block.v   ;         ;
; Error_Block.v                    ; yes             ; User Verilog HDL File  ; F:/ERROR BLOCK/Error Blocks Integrados/Error_Block.v       ;         ;
+----------------------------------+-----------------+------------------------+------------------------------------------------------------+---------+


+--------------------------------------------------------+
; Analysis & Synthesis Resource Usage Summary            ;
+---------------------------------------------+----------+
; Resource                                    ; Usage    ;
+---------------------------------------------+----------+
; Estimate of Logic utilization (ALMs needed) ; 21       ;
;                                             ;          ;
; Combinational ALUT usage for logic          ; 34       ;
;     -- 7 input functions                    ; 2        ;
;     -- 6 input functions                    ; 5        ;
;     -- 5 input functions                    ; 3        ;
;     -- 4 input functions                    ; 1        ;
;     -- <=3 input functions                  ; 23       ;
;                                             ;          ;
; Dedicated logic registers                   ; 24       ;
;                                             ;          ;
; I/O pins                                    ; 8        ;
;                                             ;          ;
; Total DSP Blocks                            ; 0        ;
;                                             ;          ;
; Maximum fan-out node                        ; SP~input ;
; Maximum fan-out                             ; 24       ;
; Total fan-out                               ; 193      ;
; Average fan-out                             ; 2.61     ;
+---------------------------------------------+----------+


+-------------------------------------------------------------------------------------------------------------------------------------------------------------------------------------------------------------------------+
; Analysis & Synthesis Resource Utilization by Entity                                                                                                                                                                     ;
+----------------------------------+---------------------+---------------------------+-------------------+------------+------+--------------+------------------------------------------+-------------------+--------------+
; Compilation Hierarchy Node       ; Combinational ALUTs ; Dedicated Logic Registers ; Block Memory Bits ; DSP Blocks ; Pins ; Virtual Pins ; Full Hierarchy Name                      ; Entity Name       ; Library Name ;
+----------------------------------+---------------------+---------------------------+-------------------+------------+------+--------------+------------------------------------------+-------------------+--------------+
; |Error_Block                     ; 34 (1)              ; 24 (0)                    ; 0                 ; 0          ; 8    ; 0            ; |Error_Block                             ; Error_Block       ; work         ;
;    |EOF_Error_Block:out_EOF|     ; 16 (16)             ; 11 (11)                   ; 0                 ; 0          ; 0    ; 0            ; |Error_Block|EOF_Error_Block:out_EOF     ; EOF_Error_Block   ; work         ;
;    |Form_Error_Block:out_Form|   ; 1 (1)               ; 1 (1)                     ; 0                 ; 0          ; 0    ; 0            ; |Error_Block|Form_Error_Block:out_Form   ; Form_Error_Block  ; work         ;
;    |Stuff_Error_Block:out_Stuff| ; 16 (16)             ; 12 (12)                   ; 0                 ; 0          ; 0    ; 0            ; |Error_Block|Stuff_Error_Block:out_Stuff ; Stuff_Error_Block ; work         ;
+----------------------------------+---------------------+---------------------------+-------------------+------------+------+--------------+------------------------------------------+-------------------+--------------+
Note: For table entries with two numbers listed, the numbers in parentheses indicate the number of resources of the given type used by the specific entity alone. The numbers listed outside of parentheses indicate the total resources of the given type used by the specific entity and all of its sub-entities in the hierarchy.


Encoding Type:  One-Hot
+-----------------------------------------------------------------------+
; State Machine - |Error_Block|Stuff_Error_Block:out_Stuff|estado_atual ;
+-----------------------+-----------------------------------------------+
; Name                  ; estado_atual.sts2                             ;
+-----------------------+-----------------------------------------------+
; estado_atual.00000000 ; 0                                             ;
; estado_atual.sts2     ; 1                                             ;
+-----------------------+-----------------------------------------------+


Encoding Type:  One-Hot
+-------------------------------------------------------------------+
; State Machine - |Error_Block|EOF_Error_Block:out_EOF|estado_atual ;
+-----------------------+-------------------------------------------+
; Name                  ; estado_atual.sts2                         ;
+-----------------------+-------------------------------------------+
; estado_atual.00000000 ; 0                                         ;
; estado_atual.sts2     ; 1                                         ;
+-----------------------+-------------------------------------------+


+------------------------------------------------------------------+
; Registers Removed During Synthesis                               ;
+---------------------------------------------+--------------------+
; Register name                               ; Reason for Removal ;
+---------------------------------------------+--------------------+
; Stuff_Error_Block:out_Stuff|estado_atual~5  ; Lost fanout        ;
; Stuff_Error_Block:out_Stuff|estado_atual~6  ; Lost fanout        ;
; Stuff_Error_Block:out_Stuff|estado_atual~7  ; Lost fanout        ;
; Stuff_Error_Block:out_Stuff|estado_atual~8  ; Lost fanout        ;
; Stuff_Error_Block:out_Stuff|estado_atual~9  ; Lost fanout        ;
; Stuff_Error_Block:out_Stuff|estado_atual~10 ; Lost fanout        ;
; Stuff_Error_Block:out_Stuff|estado_atual~11 ; Lost fanout        ;
; EOF_Error_Block:out_EOF|estado_atual~5      ; Lost fanout        ;
; EOF_Error_Block:out_EOF|estado_atual~6      ; Lost fanout        ;
; EOF_Error_Block:out_EOF|estado_atual~7      ; Lost fanout        ;
; EOF_Error_Block:out_EOF|estado_atual~8      ; Lost fanout        ;
; EOF_Error_Block:out_EOF|estado_atual~9      ; Lost fanout        ;
; EOF_Error_Block:out_EOF|estado_atual~10     ; Lost fanout        ;
; EOF_Error_Block:out_EOF|estado_atual~11     ; Lost fanout        ;
; Total Number of Removed Registers = 14      ;                    ;
+---------------------------------------------+--------------------+


+------------------------------------------------------+
; General Register Statistics                          ;
+----------------------------------------------+-------+
; Statistic                                    ; Value ;
+----------------------------------------------+-------+
; Total registers                              ; 24    ;
; Number of registers using Synchronous Clear  ; 18    ;
; Number of registers using Synchronous Load   ; 0     ;
; Number of registers using Asynchronous Clear ; 0     ;
; Number of registers using Asynchronous Load  ; 0     ;
; Number of registers using Clock Enable       ; 9     ;
; Number of registers using Preset             ; 0     ;
+----------------------------------------------+-------+


+--------------------------------------------------+
; Inverted Register Statistics                     ;
+----------------------------------------+---------+
; Inverted Register                      ; Fan out ;
+----------------------------------------+---------+
; Form_Error_Block:out_Form|FORM_Error   ; 1       ;
; EOF_Error_Block:out_EOF|EOF_Error      ; 2       ;
; Stuff_Error_Block:out_Stuff|STF_ERR    ; 2       ;
; Total number of inverted registers = 3 ;         ;
+----------------------------------------+---------+


+---------------------------------------------------------------------------------------------------------------------------------------------------------------------+
; Multiplexer Restructuring Statistics (Restructuring Performed)                                                                                                      ;
+--------------------+-----------+---------------+----------------------+------------------------+------------+-------------------------------------------------------+
; Multiplexer Inputs ; Bus Width ; Baseline Area ; Area if Restructured ; Saving if Restructured ; Registered ; Example Multiplexer Output                            ;
+--------------------+-----------+---------------+----------------------+------------------------+------------+-------------------------------------------------------+
; 5:1                ; 9 bits    ; 27 LEs        ; 0 LEs                ; 27 LEs                 ; Yes        ; |Error_Block|EOF_Error_Block:out_EOF|cont[8]          ;
; 7:1                ; 9 bits    ; 36 LEs        ; 0 LEs                ; 36 LEs                 ; Yes        ; |Error_Block|Stuff_Error_Block:out_Stuff|cont[0]      ;
; 5:1                ; 2 bits    ; 6 LEs         ; 6 LEs                ; 0 LEs                  ; No         ; |Error_Block|Stuff_Error_Block:out_Stuff|estado_atual ;
; 5:1                ; 2 bits    ; 6 LEs         ; 6 LEs                ; 0 LEs                  ; No         ; |Error_Block|EOF_Error_Block:out_EOF|estado_atual     ;
+--------------------+-----------+---------------+----------------------+------------------------+------------+-------------------------------------------------------+


+----------------------------------------------------------------------+
; Parameter Settings for User Entity Instance: EOF_Error_Block:out_EOF ;
+----------------+-------+---------------------------------------------+
; Parameter Name ; Value ; Type                                        ;
+----------------+-------+---------------------------------------------+
; sts1           ; 0     ; Signed Integer                              ;
; sts2           ; 1     ; Signed Integer                              ;
; sts3           ; 2     ; Signed Integer                              ;
+----------------+-------+---------------------------------------------+
Note: In order to hide this table in the UI and the text report file, please set the "Show Parameter Settings in Synthesis Report" option in "Analysis and Synthesis Settings -> More Settings" to "Off".


+--------------------------------------------------------------------------+
; Parameter Settings for User Entity Instance: Stuff_Error_Block:out_Stuff ;
+----------------+-------+-------------------------------------------------+
; Parameter Name ; Value ; Type                                            ;
+----------------+-------+-------------------------------------------------+
; sts1           ; 0     ; Signed Integer                                  ;
; sts2           ; 1     ; Signed Integer                                  ;
+----------------+-------+-------------------------------------------------+
Note: In order to hide this table in the UI and the text report file, please set the "Show Parameter Settings in Synthesis Report" option in "Analysis and Synthesis Settings -> More Settings" to "Off".


+-----------------------------------------------------+
; Post-Synthesis Netlist Statistics for Top Partition ;
+-----------------------+-----------------------------+
; Type                  ; Count                       ;
+-----------------------+-----------------------------+
; arriav_ff             ; 24                          ;
;     ENA SCLR          ; 9                           ;
;     SCLR              ; 9                           ;
;     plain             ; 6                           ;
; arriav_lcell_comb     ; 34                          ;
;     arith             ; 18                          ;
;         1 data inputs ; 18                          ;
;     extend            ; 2                           ;
;         7 data inputs ; 2                           ;
;     normal            ; 14                          ;
;         1 data inputs ; 1                           ;
;         2 data inputs ; 1                           ;
;         3 data inputs ; 3                           ;
;         4 data inputs ; 1                           ;
;         5 data inputs ; 3                           ;
;         6 data inputs ; 5                           ;
; boundary_port         ; 8                           ;
;                       ;                             ;
; Max LUT depth         ; 3.00                        ;
; Average LUT depth     ; 1.86                        ;
+-----------------------+-----------------------------+


+-------------------------------+
; Elapsed Time Per Partition    ;
+----------------+--------------+
; Partition Name ; Elapsed Time ;
+----------------+--------------+
; Top            ; 00:00:00     ;
+----------------+--------------+


+-------------------------------+
; Analysis & Synthesis Messages ;
+-------------------------------+
Info: *******************************************************************
Info: Running Quartus Prime Analysis & Synthesis
    Info: Version 17.0.0 Build 595 04/25/2017 SJ Lite Edition
    Info: Processing started: Thu Nov 30 10:22:19 2017
Info: Command: quartus_map --read_settings_files=on --write_settings_files=off Error_Block -c Error_Block
Warning (18236): Number of processors has not been specified which may cause overloading on shared machines.  Set the global assignment NUM_PARALLEL_PROCESSORS in your QSF to an appropriate value for best performance.
Info (20030): Parallel compilation is enabled and will use 2 of the 2 processors detected
Info (12021): Found 1 design units, including 1 entities, in source file stuff_error_block.v
    Info (12023): Found entity 1: Stuff_Error_Block File: F:/ERROR BLOCK/Error Blocks Integrados/Stuff_Error_Block.v Line: 1
Info (12021): Found 1 design units, including 1 entities, in source file form_error_block.v
    Info (12023): Found entity 1: Form_Error_Block File: F:/ERROR BLOCK/Error Blocks Integrados/Form_Error_Block.v Line: 1
Info (12021): Found 1 design units, including 1 entities, in source file eof_error_block.v
    Info (12023): Found entity 1: EOF_Error_Block File: F:/ERROR BLOCK/Error Blocks Integrados/EOF_Error_Block.v Line: 1
Info (12021): Found 1 design units, including 1 entities, in source file error_block.v
    Info (12023): Found entity 1: Error_Block File: F:/ERROR BLOCK/Error Blocks Integrados/Error_Block.v Line: 1
Info (12127): Elaborating entity "Error_Block" for the top level hierarchy
Info (12128): Elaborating entity "Form_Error_Block" for hierarchy "Form_Error_Block:out_Form" File: F:/ERROR BLOCK/Error Blocks Integrados/Error_Block.v Line: 7
Info (12128): Elaborating entity "EOF_Error_Block" for hierarchy "EOF_Error_Block:out_EOF" File: F:/ERROR BLOCK/Error Blocks Integrados/Error_Block.v Line: 8
Warning (10036): Verilog HDL or VHDL warning at EOF_Error_Block.v(10): object "i" assigned a value but never read File: F:/ERROR BLOCK/Error Blocks Integrados/EOF_Error_Block.v Line: 10
Info (12128): Elaborating entity "Stuff_Error_Block" for hierarchy "Stuff_Error_Block:out_Stuff" File: F:/ERROR BLOCK/Error Blocks Integrados/Error_Block.v Line: 9
Info (286030): Timing-Driven Synthesis is running
Info (17049): 14 registers lost all their fanouts during netlist optimizations.
Info (16010): Generating hard_block partition "hard_block:auto_generated_inst"
    Info (16011): Adding 0 node(s), including 0 DDIO, 0 PLL, 0 transceiver and 0 LCELL
Info (21057): Implemented 43 device resources after synthesis - the final resource count might be different
    Info (21058): Implemented 7 input pins
    Info (21059): Implemented 1 output pins
    Info (21061): Implemented 35 logic cells
Info: Quartus Prime Analysis & Synthesis was successful. 0 errors, 2 warnings
    Info: Peak virtual memory: 707 megabytes
    Info: Processing ended: Thu Nov 30 10:22:38 2017
    Info: Elapsed time: 00:00:19
    Info: Total CPU time (on all processors): 00:00:42


