Analysis & Synthesis report for EOF_Error_Block
Fri Nov 17 23:56:37 2017
Quartus Prime Version 17.0.0 Build 595 04/25/2017 SJ Lite Edition


---------------------
; Table of Contents ;
---------------------
  1. Legal Notice
  2. Analysis & Synthesis Summary
  3. Analysis & Synthesis Settings
  4. Analysis & Synthesis Source Files Read
  5. Analysis & Synthesis Resource Usage Summary
  6. Analysis & Synthesis Resource Utilization by Entity
  7. User-Specified and Inferred Latches
  8. General Register Statistics
  9. Multiplexer Restructuring Statistics (Restructuring Performed)
 10. Parameter Settings for User Entity Instance: Top-level Entity: |EOF_Error_Block
 11. Post-Synthesis Netlist Statistics for Top Partition
 12. Elapsed Time Per Partition
 13. Analysis & Synthesis Messages



----------------
; Legal Notice ;
----------------
Copyright (C) 2017  Intel Corporation. All rights reserved.
Your use of Intel Corporation's design tools, logic functions 
and other software and tools, and its AMPP partner logic 
functions, and any output files from any of the foregoing 
(including device programming or simulation files), and any 
associated documentation or information are expressly subject 
to the terms and conditions of the Intel Program License 
Subscription Agreement, the Intel Quartus Prime License Agreement,
the Intel MegaCore Function License Agreement, or other 
applicable license agreement, including, without limitation, 
that your use is for the sole purpose of programming logic 
devices manufactured by Intel and sold by Intel or its 
authorized distributors.  Please refer to the applicable 
agreement for further details.



+-------------------------------------------------------------------------------+
; Analysis & Synthesis Summary                                                  ;
+---------------------------------+---------------------------------------------+
; Analysis & Synthesis Status     ; Successful - Fri Nov 17 23:56:37 2017       ;
; Quartus Prime Version           ; 17.0.0 Build 595 04/25/2017 SJ Lite Edition ;
; Revision Name                   ; EOF_Error_Block                             ;
; Top-level Entity Name           ; EOF_Error_Block                             ;
; Family                          ; Cyclone V                                   ;
; Logic utilization (in ALMs)     ; N/A                                         ;
; Total registers                 ; 0                                           ;
; Total pins                      ; 5                                           ;
; Total virtual pins              ; 0                                           ;
; Total block memory bits         ; 0                                           ;
; Total DSP Blocks                ; 0                                           ;
; Total HSSI RX PCSs              ; 0                                           ;
; Total HSSI PMA RX Deserializers ; 0                                           ;
; Total HSSI TX PCSs              ; 0                                           ;
; Total HSSI PMA TX Serializers   ; 0                                           ;
; Total PLLs                      ; 0                                           ;
; Total DLLs                      ; 0                                           ;
+---------------------------------+---------------------------------------------+


+---------------------------------------------------------------------------------------------------------------------------+
; Analysis & Synthesis Settings                                                                                             ;
+---------------------------------------------------------------------------------+--------------------+--------------------+
; Option                                                                          ; Setting            ; Default Value      ;
+---------------------------------------------------------------------------------+--------------------+--------------------+
; Device                                                                          ; 5CGXFC7C7F23C8     ;                    ;
; Top-level entity name                                                           ; EOF_Error_Block    ; EOF_Error_Block    ;
; Family name                                                                     ; Cyclone V          ; Cyclone V          ;
; Use smart compilation                                                           ; Off                ; Off                ;
; Enable parallel Assembler and TimeQuest Timing Analyzer during compilation      ; On                 ; On                 ;
; Enable compact report table                                                     ; Off                ; Off                ;
; Restructure Multiplexers                                                        ; Auto               ; Auto               ;
; MLAB Add Timing Constraints For Mixed-Port Feed-Through Mode Setting Don't Care ; Off                ; Off                ;
; Create Debugging Nodes for IP Cores                                             ; Off                ; Off                ;
; Preserve fewer node names                                                       ; On                 ; On                 ;
; OpenCore Plus hardware evaluation                                               ; Enable             ; Enable             ;
; Verilog Version                                                                 ; Verilog_2001       ; Verilog_2001       ;
; VHDL Version                                                                    ; VHDL_1993          ; VHDL_1993          ;
; State Machine Processing                                                        ; Auto               ; Auto               ;
; Safe State Machine                                                              ; Off                ; Off                ;
; Extract Verilog State Machines                                                  ; On                 ; On                 ;
; Extract VHDL State Machines                                                     ; On                 ; On                 ;
; Ignore Verilog initial constructs                                               ; Off                ; Off                ;
; Iteration limit for constant Verilog loops                                      ; 5000               ; 5000               ;
; Iteration limit for non-constant Verilog loops                                  ; 250                ; 250                ;
; Add Pass-Through Logic to Inferred RAMs                                         ; On                 ; On                 ;
; Infer RAMs from Raw Logic                                                       ; On                 ; On                 ;
; Parallel Synthesis                                                              ; On                 ; On                 ;
; DSP Block Balancing                                                             ; Auto               ; Auto               ;
; NOT Gate Push-Back                                                              ; On                 ; On                 ;
; Power-Up Don't Care                                                             ; On                 ; On                 ;
; Remove Redundant Logic Cells                                                    ; Off                ; Off                ;
; Remove Duplicate Registers                                                      ; On                 ; On                 ;
; Ignore CARRY Buffers                                                            ; Off                ; Off                ;
; Ignore CASCADE Buffers                                                          ; Off                ; Off                ;
; Ignore GLOBAL Buffers                                                           ; Off                ; Off                ;
; Ignore ROW GLOBAL Buffers                                                       ; Off                ; Off                ;
; Ignore LCELL Buffers                                                            ; Off                ; Off                ;
; Ignore SOFT Buffers                                                             ; On                 ; On                 ;
; Limit AHDL Integers to 32 Bits                                                  ; Off                ; Off                ;
; Optimization Technique                                                          ; Balanced           ; Balanced           ;
; Carry Chain Length                                                              ; 70                 ; 70                 ;
; Auto Carry Chains                                                               ; On                 ; On                 ;
; Auto Open-Drain Pins                                                            ; On                 ; On                 ;
; Perform WYSIWYG Primitive Resynthesis                                           ; Off                ; Off                ;
; Auto ROM Replacement                                                            ; On                 ; On                 ;
; Auto RAM Replacement                                                            ; On                 ; On                 ;
; Auto DSP Block Replacement                                                      ; On                 ; On                 ;
; Auto Shift Register Replacement                                                 ; Auto               ; Auto               ;
; Allow Shift Register Merging across Hierarchies                                 ; Auto               ; Auto               ;
; Auto Clock Enable Replacement                                                   ; On                 ; On                 ;
; Strict RAM Replacement                                                          ; Off                ; Off                ;
; Allow Synchronous Control Signals                                               ; On                 ; On                 ;
; Force Use of Synchronous Clear Signals                                          ; Off                ; Off                ;
; Auto Resource Sharing                                                           ; Off                ; Off                ;
; Allow Any RAM Size For Recognition                                              ; Off                ; Off                ;
; Allow Any ROM Size For Recognition                                              ; Off                ; Off                ;
; Allow Any Shift Register Size For Recognition                                   ; Off                ; Off                ;
; Use LogicLock Constraints during Resource Balancing                             ; On                 ; On                 ;
; Ignore translate_off and synthesis_off directives                               ; Off                ; Off                ;
; Timing-Driven Synthesis                                                         ; On                 ; On                 ;
; Report Parameter Settings                                                       ; On                 ; On                 ;
; Report Source Assignments                                                       ; On                 ; On                 ;
; Report Connectivity Checks                                                      ; On                 ; On                 ;
; Ignore Maximum Fan-Out Assignments                                              ; Off                ; Off                ;
; Synchronization Register Chain Length                                           ; 3                  ; 3                  ;
; PowerPlay Power Optimization During Synthesis                                   ; Normal compilation ; Normal compilation ;
; HDL message level                                                               ; Level2             ; Level2             ;
; Suppress Register Optimization Related Messages                                 ; Off                ; Off                ;
; Number of Removed Registers Reported in Synthesis Report                        ; 5000               ; 5000               ;
; Number of Swept Nodes Reported in Synthesis Report                              ; 5000               ; 5000               ;
; Number of Inverted Registers Reported in Synthesis Report                       ; 100                ; 100                ;
; Clock MUX Protection                                                            ; On                 ; On                 ;
; Auto Gated Clock Conversion                                                     ; Off                ; Off                ;
; Block Design Naming                                                             ; Auto               ; Auto               ;
; SDC constraint protection                                                       ; Off                ; Off                ;
; Synthesis Effort                                                                ; Auto               ; Auto               ;
; Shift Register Replacement - Allow Asynchronous Clear Signal                    ; On                 ; On                 ;
; Pre-Mapping Resynthesis Optimization                                            ; Off                ; Off                ;
; Analysis & Synthesis Message Level                                              ; Medium             ; Medium             ;
; Disable Register Merging Across Hierarchies                                     ; Auto               ; Auto               ;
; Resource Aware Inference For Block RAM                                          ; On                 ; On                 ;
; Automatic Parallel Synthesis                                                    ; On                 ; On                 ;
; Partial Reconfiguration Bitstream ID                                            ; Off                ; Off                ;
+---------------------------------------------------------------------------------+--------------------+--------------------+


+-----------------------------------------------------------------------------------------------------------------------------------------------------------------------------------+
; Analysis & Synthesis Source Files Read                                                                                                                                            ;
+----------------------------------+-----------------+------------------------+-------------------------------------------------------------------------------------------+---------+
; File Name with User-Entered Path ; Used in Netlist ; File Type              ; File Name with Absolute Path                                                              ; Library ;
+----------------------------------+-----------------+------------------------+-------------------------------------------------------------------------------------------+---------+
; EOF_Error_Block.v                ; yes             ; User Verilog HDL File  ; E:/UFPE/7 Periodo/Redes Automotivas/Projeto /CANDecoder/EOF_Error_Block/EOF_Error_Block.v ;         ;
+----------------------------------+-----------------+------------------------+-------------------------------------------------------------------------------------------+---------+


+---------------------------------------------------------------------+
; Analysis & Synthesis Resource Usage Summary                         ;
+---------------------------------------------+-----------------------+
; Resource                                    ; Usage                 ;
+---------------------------------------------+-----------------------+
; Estimate of Logic utilization (ALMs needed) ; 20                    ;
;                                             ;                       ;
; Combinational ALUT usage for logic          ; 36                    ;
;     -- 7 input functions                    ; 0                     ;
;     -- 6 input functions                    ; 3                     ;
;     -- 5 input functions                    ; 10                    ;
;     -- 4 input functions                    ; 0                     ;
;     -- <=3 input functions                  ; 23                    ;
;                                             ;                       ;
; Dedicated logic registers                   ; 0                     ;
;                                             ;                       ;
; I/O pins                                    ; 5                     ;
;                                             ;                       ;
; Total DSP Blocks                            ; 0                     ;
;                                             ;                       ;
; Maximum fan-out node                        ; estado_atual.sts1_218 ;
; Maximum fan-out                             ; 15                    ;
; Total fan-out                               ; 133                   ;
; Average fan-out                             ; 2.89                  ;
+---------------------------------------------+-----------------------+


+--------------------------------------------------------------------------------------------------------------------------------------------------------------------------------------------+
; Analysis & Synthesis Resource Utilization by Entity                                                                                                                                        ;
+----------------------------+---------------------+---------------------------+-------------------+------------+------+--------------+---------------------+-----------------+--------------+
; Compilation Hierarchy Node ; Combinational ALUTs ; Dedicated Logic Registers ; Block Memory Bits ; DSP Blocks ; Pins ; Virtual Pins ; Full Hierarchy Name ; Entity Name     ; Library Name ;
+----------------------------+---------------------+---------------------------+-------------------+------------+------+--------------+---------------------+-----------------+--------------+
; |EOF_Error_Block           ; 36 (36)             ; 0 (0)                     ; 0                 ; 0          ; 5    ; 0            ; |EOF_Error_Block    ; EOF_Error_Block ; work         ;
+----------------------------+---------------------+---------------------------+-------------------+------------+------+--------------+---------------------+-----------------+--------------+
Note: For table entries with two numbers listed, the numbers in parentheses indicate the number of resources of the given type used by the specific entity alone. The numbers listed outside of parentheses indicate the total resources of the given type used by the specific entity and all of its sub-entities in the hierarchy.


+----------------------------------------------------------------------------------------------------+
; User-Specified and Inferred Latches                                                                ;
+-----------------------------------------------------+---------------------+------------------------+
; Latch Name                                          ; Latch Enable Signal ; Free of Timing Hazards ;
+-----------------------------------------------------+---------------------+------------------------+
; EOF_Error$latch                                     ; EOF_Error           ; yes                    ;
; cont[3]                                             ; cont[1]             ; yes                    ;
; cont[4]                                             ; cont[1]             ; yes                    ;
; cont[5]                                             ; cont[1]             ; yes                    ;
; cont[6]                                             ; cont[1]             ; yes                    ;
; cont[7]                                             ; cont[1]             ; yes                    ;
; cont[8]                                             ; cont[1]             ; yes                    ;
; cont[1]                                             ; cont[1]             ; yes                    ;
; cont[2]                                             ; cont[1]             ; yes                    ;
; cont[0]                                             ; cont[1]             ; yes                    ;
; estado_atual.sts1_218                               ; estado_atual.sts1   ; yes                    ;
; Number of user-specified and inferred latches = 11  ;                     ;                        ;
+-----------------------------------------------------+---------------------+------------------------+
Note: All latches listed above may not be present at the end of synthesis due to various synthesis optimizations.


+------------------------------------------------------+
; General Register Statistics                          ;
+----------------------------------------------+-------+
; Statistic                                    ; Value ;
+----------------------------------------------+-------+
; Total registers                              ; 0     ;
; Number of registers using Synchronous Clear  ; 0     ;
; Number of registers using Synchronous Load   ; 0     ;
; Number of registers using Asynchronous Clear ; 0     ;
; Number of registers using Asynchronous Load  ; 0     ;
; Number of registers using Clock Enable       ; 0     ;
; Number of registers using Preset             ; 0     ;
+----------------------------------------------+-------+


+------------------------------------------------------------------------------------------------------------------------------------------+
; Multiplexer Restructuring Statistics (Restructuring Performed)                                                                           ;
+--------------------+-----------+---------------+----------------------+------------------------+------------+----------------------------+
; Multiplexer Inputs ; Bus Width ; Baseline Area ; Area if Restructured ; Saving if Restructured ; Registered ; Example Multiplexer Output ;
+--------------------+-----------+---------------+----------------------+------------------------+------------+----------------------------+
; 3:1                ; 8 bits    ; 16 LEs        ; 16 LEs               ; 0 LEs                  ; No         ; |EOF_Error_Block|cont[8]   ;
+--------------------+-----------+---------------+----------------------+------------------------+------------+----------------------------+


+---------------------------------------------------------------------------------+
; Parameter Settings for User Entity Instance: Top-level Entity: |EOF_Error_Block ;
+----------------+-------+--------------------------------------------------------+
; Parameter Name ; Value ; Type                                                   ;
+----------------+-------+--------------------------------------------------------+
; sts1           ; 0     ; Signed Integer                                         ;
; sts2           ; 1     ; Signed Integer                                         ;
; sts3           ; 2     ; Signed Integer                                         ;
+----------------+-------+--------------------------------------------------------+
Note: In order to hide this table in the UI and the text report file, please set the "Show Parameter Settings in Synthesis Report" option in "Analysis and Synthesis Settings -> More Settings" to "Off".


+-----------------------------------------------------+
; Post-Synthesis Netlist Statistics for Top Partition ;
+-----------------------+-----------------------------+
; Type                  ; Count                       ;
+-----------------------+-----------------------------+
; arriav_lcell_comb     ; 36                          ;
;     arith             ; 9                           ;
;         1 data inputs ; 9                           ;
;     normal            ; 27                          ;
;         3 data inputs ; 14                          ;
;         5 data inputs ; 10                          ;
;         6 data inputs ; 3                           ;
; boundary_port         ; 5                           ;
;                       ;                             ;
; Max LUT depth         ; 3.80                        ;
; Average LUT depth     ; 3.03                        ;
+-----------------------+-----------------------------+


+-------------------------------+
; Elapsed Time Per Partition    ;
+----------------+--------------+
; Partition Name ; Elapsed Time ;
+----------------+--------------+
; Top            ; 00:00:00     ;
+----------------+--------------+


+-------------------------------+
; Analysis & Synthesis Messages ;
+-------------------------------+
Info: *******************************************************************
Info: Running Quartus Prime Analysis & Synthesis
    Info: Version 17.0.0 Build 595 04/25/2017 SJ Lite Edition
    Info: Processing started: Fri Nov 17 23:56:32 2017
Info: Command: quartus_map --read_settings_files=on --write_settings_files=off EOF_Error_Block -c EOF_Error_Block
Warning (18236): Number of processors has not been specified which may cause overloading on shared machines.  Set the global assignment NUM_PARALLEL_PROCESSORS in your QSF to an appropriate value for best performance.
Info (20029): Only one processor detected - disabling parallel compilation
Info (12021): Found 1 design units, including 1 entities, in source file eof_error_block.v
    Info (12023): Found entity 1: EOF_Error_Block File: E:/UFPE/7 Periodo/Redes Automotivas/Projeto /CANDecoder/EOF_Error_Block/EOF_Error_Block.v Line: 3
Info (12021): Found 1 design units, including 1 entities, in source file eof_error_block_tb.v
    Info (12023): Found entity 1: EOF_Error_Block_TB File: E:/UFPE/7 Periodo/Redes Automotivas/Projeto /CANDecoder/EOF_Error_Block/EOF_Error_Block_TB.v Line: 2
Info (12127): Elaborating entity "EOF_Error_Block" for the top level hierarchy
Warning (10036): Verilog HDL or VHDL warning at EOF_Error_Block.v(12): object "i" assigned a value but never read File: E:/UFPE/7 Periodo/Redes Automotivas/Projeto /CANDecoder/EOF_Error_Block/EOF_Error_Block.v Line: 12
Warning (10240): Verilog HDL Always Construct warning at EOF_Error_Block.v(23): inferring latch(es) for variable "estado_atual", which holds its previous value in one or more paths through the always construct File: E:/UFPE/7 Periodo/Redes Automotivas/Projeto /CANDecoder/EOF_Error_Block/EOF_Error_Block.v Line: 23
Warning (10240): Verilog HDL Always Construct warning at EOF_Error_Block.v(23): inferring latch(es) for variable "EOF_Error", which holds its previous value in one or more paths through the always construct File: E:/UFPE/7 Periodo/Redes Automotivas/Projeto /CANDecoder/EOF_Error_Block/EOF_Error_Block.v Line: 23
Warning (10240): Verilog HDL Always Construct warning at EOF_Error_Block.v(23): inferring latch(es) for variable "cont", which holds its previous value in one or more paths through the always construct File: E:/UFPE/7 Periodo/Redes Automotivas/Projeto /CANDecoder/EOF_Error_Block/EOF_Error_Block.v Line: 23
Info (10041): Inferred latch for "cont[0]" at EOF_Error_Block.v(23) File: E:/UFPE/7 Periodo/Redes Automotivas/Projeto /CANDecoder/EOF_Error_Block/EOF_Error_Block.v Line: 23
Info (10041): Inferred latch for "cont[1]" at EOF_Error_Block.v(23) File: E:/UFPE/7 Periodo/Redes Automotivas/Projeto /CANDecoder/EOF_Error_Block/EOF_Error_Block.v Line: 23
Info (10041): Inferred latch for "cont[2]" at EOF_Error_Block.v(23) File: E:/UFPE/7 Periodo/Redes Automotivas/Projeto /CANDecoder/EOF_Error_Block/EOF_Error_Block.v Line: 23
Info (10041): Inferred latch for "cont[3]" at EOF_Error_Block.v(23) File: E:/UFPE/7 Periodo/Redes Automotivas/Projeto /CANDecoder/EOF_Error_Block/EOF_Error_Block.v Line: 23
Info (10041): Inferred latch for "cont[4]" at EOF_Error_Block.v(23) File: E:/UFPE/7 Periodo/Redes Automotivas/Projeto /CANDecoder/EOF_Error_Block/EOF_Error_Block.v Line: 23
Info (10041): Inferred latch for "cont[5]" at EOF_Error_Block.v(23) File: E:/UFPE/7 Periodo/Redes Automotivas/Projeto /CANDecoder/EOF_Error_Block/EOF_Error_Block.v Line: 23
Info (10041): Inferred latch for "cont[6]" at EOF_Error_Block.v(23) File: E:/UFPE/7 Periodo/Redes Automotivas/Projeto /CANDecoder/EOF_Error_Block/EOF_Error_Block.v Line: 23
Info (10041): Inferred latch for "cont[7]" at EOF_Error_Block.v(23) File: E:/UFPE/7 Periodo/Redes Automotivas/Projeto /CANDecoder/EOF_Error_Block/EOF_Error_Block.v Line: 23
Info (10041): Inferred latch for "cont[8]" at EOF_Error_Block.v(23) File: E:/UFPE/7 Periodo/Redes Automotivas/Projeto /CANDecoder/EOF_Error_Block/EOF_Error_Block.v Line: 23
Info (10041): Inferred latch for "EOF_Error" at EOF_Error_Block.v(23) File: E:/UFPE/7 Periodo/Redes Automotivas/Projeto /CANDecoder/EOF_Error_Block/EOF_Error_Block.v Line: 23
Info (10041): Inferred latch for "estado_atual.sts2" at EOF_Error_Block.v(23) File: E:/UFPE/7 Periodo/Redes Automotivas/Projeto /CANDecoder/EOF_Error_Block/EOF_Error_Block.v Line: 23
Info (10041): Inferred latch for "estado_atual.sts1" at EOF_Error_Block.v(23) File: E:/UFPE/7 Periodo/Redes Automotivas/Projeto /CANDecoder/EOF_Error_Block/EOF_Error_Block.v Line: 23
Warning (13012): Latch EOF_Error$latch has unsafe behavior File: E:/UFPE/7 Periodo/Redes Automotivas/Projeto /CANDecoder/EOF_Error_Block/EOF_Error_Block.v Line: 23
    Warning (13013): Ports D and ENA on the latch are fed by the same signal RX File: E:/UFPE/7 Periodo/Redes Automotivas/Projeto /CANDecoder/EOF_Error_Block/EOF_Error_Block.v Line: 5
Warning (13012): Latch cont[3] has unsafe behavior File: E:/UFPE/7 Periodo/Redes Automotivas/Projeto /CANDecoder/EOF_Error_Block/EOF_Error_Block.v Line: 23
    Warning (13013): Ports D and ENA on the latch are fed by the same signal estado_atual.sts1_218 File: E:/UFPE/7 Periodo/Redes Automotivas/Projeto /CANDecoder/EOF_Error_Block/EOF_Error_Block.v Line: 23
Warning (13012): Latch cont[4] has unsafe behavior File: E:/UFPE/7 Periodo/Redes Automotivas/Projeto /CANDecoder/EOF_Error_Block/EOF_Error_Block.v Line: 23
    Warning (13013): Ports D and ENA on the latch are fed by the same signal estado_atual.sts1_218 File: E:/UFPE/7 Periodo/Redes Automotivas/Projeto /CANDecoder/EOF_Error_Block/EOF_Error_Block.v Line: 23
Warning (13012): Latch cont[5] has unsafe behavior File: E:/UFPE/7 Periodo/Redes Automotivas/Projeto /CANDecoder/EOF_Error_Block/EOF_Error_Block.v Line: 23
    Warning (13013): Ports D and ENA on the latch are fed by the same signal estado_atual.sts1_218 File: E:/UFPE/7 Periodo/Redes Automotivas/Projeto /CANDecoder/EOF_Error_Block/EOF_Error_Block.v Line: 23
Warning (13012): Latch cont[6] has unsafe behavior File: E:/UFPE/7 Periodo/Redes Automotivas/Projeto /CANDecoder/EOF_Error_Block/EOF_Error_Block.v Line: 23
    Warning (13013): Ports D and ENA on the latch are fed by the same signal estado_atual.sts1_218 File: E:/UFPE/7 Periodo/Redes Automotivas/Projeto /CANDecoder/EOF_Error_Block/EOF_Error_Block.v Line: 23
Warning (13012): Latch cont[7] has unsafe behavior File: E:/UFPE/7 Periodo/Redes Automotivas/Projeto /CANDecoder/EOF_Error_Block/EOF_Error_Block.v Line: 23
    Warning (13013): Ports D and ENA on the latch are fed by the same signal estado_atual.sts1_218 File: E:/UFPE/7 Periodo/Redes Automotivas/Projeto /CANDecoder/EOF_Error_Block/EOF_Error_Block.v Line: 23
Warning (13012): Latch cont[8] has unsafe behavior File: E:/UFPE/7 Periodo/Redes Automotivas/Projeto /CANDecoder/EOF_Error_Block/EOF_Error_Block.v Line: 23
    Warning (13013): Ports D and ENA on the latch are fed by the same signal estado_atual.sts1_218 File: E:/UFPE/7 Periodo/Redes Automotivas/Projeto /CANDecoder/EOF_Error_Block/EOF_Error_Block.v Line: 23
Warning (13012): Latch cont[1] has unsafe behavior File: E:/UFPE/7 Periodo/Redes Automotivas/Projeto /CANDecoder/EOF_Error_Block/EOF_Error_Block.v Line: 23
    Warning (13013): Ports D and ENA on the latch are fed by the same signal estado_atual.sts1_218 File: E:/UFPE/7 Periodo/Redes Automotivas/Projeto /CANDecoder/EOF_Error_Block/EOF_Error_Block.v Line: 23
Warning (13012): Latch cont[2] has unsafe behavior File: E:/UFPE/7 Periodo/Redes Automotivas/Projeto /CANDecoder/EOF_Error_Block/EOF_Error_Block.v Line: 23
    Warning (13013): Ports D and ENA on the latch are fed by the same signal estado_atual.sts1_218 File: E:/UFPE/7 Periodo/Redes Automotivas/Projeto /CANDecoder/EOF_Error_Block/EOF_Error_Block.v Line: 23
Warning (13012): Latch cont[0] has unsafe behavior File: E:/UFPE/7 Periodo/Redes Automotivas/Projeto /CANDecoder/EOF_Error_Block/EOF_Error_Block.v Line: 23
    Warning (13013): Ports D and ENA on the latch are fed by the same signal estado_atual.sts1_218 File: E:/UFPE/7 Periodo/Redes Automotivas/Projeto /CANDecoder/EOF_Error_Block/EOF_Error_Block.v Line: 23
Warning (13012): Latch estado_atual.sts1_218 has unsafe behavior File: E:/UFPE/7 Periodo/Redes Automotivas/Projeto /CANDecoder/EOF_Error_Block/EOF_Error_Block.v Line: 23
    Warning (13013): Ports D and ENA on the latch are fed by the same signal estado_atual.sts1_218 File: E:/UFPE/7 Periodo/Redes Automotivas/Projeto /CANDecoder/EOF_Error_Block/EOF_Error_Block.v Line: 23
Info (286030): Timing-Driven Synthesis is running
Info (16010): Generating hard_block partition "hard_block:auto_generated_inst"
    Info (16011): Adding 0 node(s), including 0 DDIO, 0 PLL, 0 transceiver and 0 LCELL
Warning (21074): Design contains 1 input pin(s) that do not drive logic
    Warning (15610): No output dependent on input pin "SP" File: E:/UFPE/7 Periodo/Redes Automotivas/Projeto /CANDecoder/EOF_Error_Block/EOF_Error_Block.v Line: 5
Info (21057): Implemented 41 device resources after synthesis - the final resource count might be different
    Info (21058): Implemented 4 input pins
    Info (21059): Implemented 1 output pins
    Info (21061): Implemented 36 logic cells
Info: Quartus Prime Analysis & Synthesis was successful. 0 errors, 29 warnings
    Info: Peak virtual memory: 641 megabytes
    Info: Processing ended: Fri Nov 17 23:56:37 2017
    Info: Elapsed time: 00:00:05
    Info: Total CPU time (on all processors): 00:00:03


