Analysis & Synthesis report for Overload_error_block
Sun Nov 12 22:14:59 2017
Quartus Prime Version 17.0.0 Build 595 04/25/2017 SJ Lite Edition


---------------------
; Table of Contents ;
---------------------
  1. Legal Notice
  2. Analysis & Synthesis Summary
  3. Analysis & Synthesis Settings
  4. Analysis & Synthesis Messages



----------------
; Legal Notice ;
----------------
Copyright (C) 2017  Intel Corporation. All rights reserved.
Your use of Intel Corporation's design tools, logic functions 
and other software and tools, and its AMPP partner logic 
functions, and any output files from any of the foregoing 
(including device programming or simulation files), and any 
associated documentation or information are expressly subject 
to the terms and conditions of the Intel Program License 
Subscription Agreement, the Intel Quartus Prime License Agreement,
the Intel MegaCore Function License Agreement, or other 
applicable license agreement, including, without limitation, 
that your use is for the sole purpose of programming logic 
devices manufactured by Intel and sold by Intel or its 
authorized distributors.  Please refer to the applicable 
agreement for further details.



+---------------------------------------------------------------------------+
; Analysis & Synthesis Summary                                              ;
+-----------------------------+---------------------------------------------+
; Analysis & Synthesis Status ; Failed - Sun Nov 12 22:14:59 2017           ;
; Quartus Prime Version       ; 17.0.0 Build 595 04/25/2017 SJ Lite Edition ;
; Revision Name               ; Overload_error_block                        ;
; Top-level Entity Name       ; Overload_error_block                        ;
; Family                      ; Cyclone V                                   ;
; Logic utilization (in ALMs) ; N/A until Partition Merge                   ;
; Total registers             ; N/A until Partition Merge                   ;
; Total pins                  ; N/A until Partition Merge                   ;
; Total virtual pins          ; N/A until Partition Merge                   ;
; Total block memory bits     ; N/A until Partition Merge                   ;
; Total PLLs                  ; N/A until Partition Merge                   ;
; Total DLLs                  ; N/A until Partition Merge                   ;
+-----------------------------+---------------------------------------------+


+-------------------------------------------------------------------------------------------------------------------------------+
; Analysis & Synthesis Settings                                                                                                 ;
+---------------------------------------------------------------------------------+----------------------+----------------------+
; Option                                                                          ; Setting              ; Default Value        ;
+---------------------------------------------------------------------------------+----------------------+----------------------+
; Device                                                                          ; 5CGXFC7C7F23C8       ;                      ;
; Top-level entity name                                                           ; Overload_error_block ; Overload_error_block ;
; Family name                                                                     ; Cyclone V            ; Cyclone V            ;
; Use smart compilation                                                           ; Off                  ; Off                  ;
; Enable parallel Assembler and TimeQuest Timing Analyzer during compilation      ; On                   ; On                   ;
; Enable compact report table                                                     ; Off                  ; Off                  ;
; Restructure Multiplexers                                                        ; Auto                 ; Auto                 ;
; MLAB Add Timing Constraints For Mixed-Port Feed-Through Mode Setting Don't Care ; Off                  ; Off                  ;
; Create Debugging Nodes for IP Cores                                             ; Off                  ; Off                  ;
; Preserve fewer node names                                                       ; On                   ; On                   ;
; OpenCore Plus hardware evaluation                                               ; Enable               ; Enable               ;
; Verilog Version                                                                 ; Verilog_2001         ; Verilog_2001         ;
; VHDL Version                                                                    ; VHDL_1993            ; VHDL_1993            ;
; State Machine Processing                                                        ; Auto                 ; Auto                 ;
; Safe State Machine                                                              ; Off                  ; Off                  ;
; Extract Verilog State Machines                                                  ; On                   ; On                   ;
; Extract VHDL State Machines                                                     ; On                   ; On                   ;
; Ignore Verilog initial constructs                                               ; Off                  ; Off                  ;
; Iteration limit for constant Verilog loops                                      ; 5000                 ; 5000                 ;
; Iteration limit for non-constant Verilog loops                                  ; 250                  ; 250                  ;
; Add Pass-Through Logic to Inferred RAMs                                         ; On                   ; On                   ;
; Infer RAMs from Raw Logic                                                       ; On                   ; On                   ;
; Parallel Synthesis                                                              ; On                   ; On                   ;
; DSP Block Balancing                                                             ; Auto                 ; Auto                 ;
; NOT Gate Push-Back                                                              ; On                   ; On                   ;
; Power-Up Don't Care                                                             ; On                   ; On                   ;
; Remove Redundant Logic Cells                                                    ; Off                  ; Off                  ;
; Remove Duplicate Registers                                                      ; On                   ; On                   ;
; Ignore CARRY Buffers                                                            ; Off                  ; Off                  ;
; Ignore CASCADE Buffers                                                          ; Off                  ; Off                  ;
; Ignore GLOBAL Buffers                                                           ; Off                  ; Off                  ;
; Ignore ROW GLOBAL Buffers                                                       ; Off                  ; Off                  ;
; Ignore LCELL Buffers                                                            ; Off                  ; Off                  ;
; Ignore SOFT Buffers                                                             ; On                   ; On                   ;
; Limit AHDL Integers to 32 Bits                                                  ; Off                  ; Off                  ;
; Optimization Technique                                                          ; Balanced             ; Balanced             ;
; Carry Chain Length                                                              ; 70                   ; 70                   ;
; Auto Carry Chains                                                               ; On                   ; On                   ;
; Auto Open-Drain Pins                                                            ; On                   ; On                   ;
; Perform WYSIWYG Primitive Resynthesis                                           ; Off                  ; Off                  ;
; Auto ROM Replacement                                                            ; On                   ; On                   ;
; Auto RAM Replacement                                                            ; On                   ; On                   ;
; Auto DSP Block Replacement                                                      ; On                   ; On                   ;
; Auto Shift Register Replacement                                                 ; Auto                 ; Auto                 ;
; Allow Shift Register Merging across Hierarchies                                 ; Auto                 ; Auto                 ;
; Auto Clock Enable Replacement                                                   ; On                   ; On                   ;
; Strict RAM Replacement                                                          ; Off                  ; Off                  ;
; Allow Synchronous Control Signals                                               ; On                   ; On                   ;
; Force Use of Synchronous Clear Signals                                          ; Off                  ; Off                  ;
; Auto Resource Sharing                                                           ; Off                  ; Off                  ;
; Allow Any RAM Size For Recognition                                              ; Off                  ; Off                  ;
; Allow Any ROM Size For Recognition                                              ; Off                  ; Off                  ;
; Allow Any Shift Register Size For Recognition                                   ; Off                  ; Off                  ;
; Use LogicLock Constraints during Resource Balancing                             ; On                   ; On                   ;
; Ignore translate_off and synthesis_off directives                               ; Off                  ; Off                  ;
; Timing-Driven Synthesis                                                         ; On                   ; On                   ;
; Report Parameter Settings                                                       ; On                   ; On                   ;
; Report Source Assignments                                                       ; On                   ; On                   ;
; Report Connectivity Checks                                                      ; On                   ; On                   ;
; Ignore Maximum Fan-Out Assignments                                              ; Off                  ; Off                  ;
; Synchronization Register Chain Length                                           ; 3                    ; 3                    ;
; PowerPlay Power Optimization During Synthesis                                   ; Normal compilation   ; Normal compilation   ;
; HDL message level                                                               ; Level2               ; Level2               ;
; Suppress Register Optimization Related Messages                                 ; Off                  ; Off                  ;
; Number of Removed Registers Reported in Synthesis Report                        ; 5000                 ; 5000                 ;
; Number of Swept Nodes Reported in Synthesis Report                              ; 5000                 ; 5000                 ;
; Number of Inverted Registers Reported in Synthesis Report                       ; 100                  ; 100                  ;
; Clock MUX Protection                                                            ; On                   ; On                   ;
; Auto Gated Clock Conversion                                                     ; Off                  ; Off                  ;
; Block Design Naming                                                             ; Auto                 ; Auto                 ;
; SDC constraint protection                                                       ; Off                  ; Off                  ;
; Synthesis Effort                                                                ; Auto                 ; Auto                 ;
; Shift Register Replacement - Allow Asynchronous Clear Signal                    ; On                   ; On                   ;
; Pre-Mapping Resynthesis Optimization                                            ; Off                  ; Off                  ;
; Analysis & Synthesis Message Level                                              ; Medium               ; Medium               ;
; Disable Register Merging Across Hierarchies                                     ; Auto                 ; Auto                 ;
; Resource Aware Inference For Block RAM                                          ; On                   ; On                   ;
; Automatic Parallel Synthesis                                                    ; On                   ; On                   ;
; Partial Reconfiguration Bitstream ID                                            ; Off                  ; Off                  ;
+---------------------------------------------------------------------------------+----------------------+----------------------+


+-------------------------------+
; Analysis & Synthesis Messages ;
+-------------------------------+
Info: *******************************************************************
Info: Running Quartus Prime Analysis & Synthesis
    Info: Version 17.0.0 Build 595 04/25/2017 SJ Lite Edition
    Info: Processing started: Sun Nov 12 22:14:25 2017
Info: Command: quartus_map --read_settings_files=on --write_settings_files=off Overload_error_block -c Overload_error_block
Warning (18236): Number of processors has not been specified which may cause overloading on shared machines.  Set the global assignment NUM_PARALLEL_PROCESSORS in your QSF to an appropriate value for best performance.
Info (20029): Only one processor detected - disabling parallel compilation
Info (12021): Found 1 design units, including 1 entities, in source file overload_error_block.v
    Info (12023): Found entity 1: Overload_error_block File: C:/intelFPGA_lite/17.0/Overload_error_block/Overload_error_block.v Line: 1
Info (12127): Elaborating entity "Overload_error_block" for the top level hierarchy
Warning (10240): Verilog HDL Always Construct warning at Overload_error_block.v(15): inferring latch(es) for variable "estado_atual", which holds its previous value in one or more paths through the always construct File: C:/intelFPGA_lite/17.0/Overload_error_block/Overload_error_block.v Line: 15
Warning (10240): Verilog HDL Always Construct warning at Overload_error_block.v(15): inferring latch(es) for variable "F_ITMSS", which holds its previous value in one or more paths through the always construct File: C:/intelFPGA_lite/17.0/Overload_error_block/Overload_error_block.v Line: 15
Info (10041): Inferred latch for "F_ITMSS[0]" at Overload_error_block.v(15) File: C:/intelFPGA_lite/17.0/Overload_error_block/Overload_error_block.v Line: 15
Info (10041): Inferred latch for "F_ITMSS[1]" at Overload_error_block.v(15) File: C:/intelFPGA_lite/17.0/Overload_error_block/Overload_error_block.v Line: 15
Info (10041): Inferred latch for "estado_atual.sts5" at Overload_error_block.v(15) File: C:/intelFPGA_lite/17.0/Overload_error_block/Overload_error_block.v Line: 15
Info (10041): Inferred latch for "estado_atual.sts4" at Overload_error_block.v(15) File: C:/intelFPGA_lite/17.0/Overload_error_block/Overload_error_block.v Line: 15
Info (10041): Inferred latch for "estado_atual.sts3" at Overload_error_block.v(15) File: C:/intelFPGA_lite/17.0/Overload_error_block/Overload_error_block.v Line: 15
Info (10041): Inferred latch for "estado_atual.sts2" at Overload_error_block.v(15) File: C:/intelFPGA_lite/17.0/Overload_error_block/Overload_error_block.v Line: 15
Info (10041): Inferred latch for "estado_atual.00000000" at Overload_error_block.v(15) File: C:/intelFPGA_lite/17.0/Overload_error_block/Overload_error_block.v Line: 15
Info (10041): Inferred latch for "cont[0]" at Overload_error_block.v(15) File: C:/intelFPGA_lite/17.0/Overload_error_block/Overload_error_block.v Line: 15
Info (10041): Inferred latch for "cont[1]" at Overload_error_block.v(15) File: C:/intelFPGA_lite/17.0/Overload_error_block/Overload_error_block.v Line: 15
Info (10041): Inferred latch for "cont[2]" at Overload_error_block.v(15) File: C:/intelFPGA_lite/17.0/Overload_error_block/Overload_error_block.v Line: 15
Info (10041): Inferred latch for "cont[3]" at Overload_error_block.v(15) File: C:/intelFPGA_lite/17.0/Overload_error_block/Overload_error_block.v Line: 15
Info (10041): Inferred latch for "cont[4]" at Overload_error_block.v(15) File: C:/intelFPGA_lite/17.0/Overload_error_block/Overload_error_block.v Line: 15
Info (10041): Inferred latch for "cont[5]" at Overload_error_block.v(15) File: C:/intelFPGA_lite/17.0/Overload_error_block/Overload_error_block.v Line: 15
Info (10041): Inferred latch for "cont[6]" at Overload_error_block.v(15) File: C:/intelFPGA_lite/17.0/Overload_error_block/Overload_error_block.v Line: 15
Info (10041): Inferred latch for "cont[7]" at Overload_error_block.v(15) File: C:/intelFPGA_lite/17.0/Overload_error_block/Overload_error_block.v Line: 15
Info (10041): Inferred latch for "cont[8]" at Overload_error_block.v(15) File: C:/intelFPGA_lite/17.0/Overload_error_block/Overload_error_block.v Line: 15
Error (10822): HDL error at Overload_error_block.v(22): couldn't implement registers for assignments on this clock edge File: C:/intelFPGA_lite/17.0/Overload_error_block/Overload_error_block.v Line: 22
Error (12153): Can't elaborate top-level user hierarchy
Error: Quartus Prime Analysis & Synthesis was unsuccessful. 2 errors, 3 warnings
    Error: Peak virtual memory: 645 megabytes
    Error: Processing ended: Sun Nov 12 22:14:59 2017
    Error: Elapsed time: 00:00:34
    Error: Total CPU time (on all processors): 00:00:33


