Flow report for BR_Frame_Maker
Sun Nov 19 16:11:03 2017
Quartus Prime Version 17.0.0 Build 595 04/25/2017 SJ Lite Edition


---------------------
; Table of Contents ;
---------------------
  1. Legal Notice
  2. Flow Summary
  3. Flow Settings
  4. Flow Non-Default Global Settings
  5. Flow Elapsed Time
  6. Flow OS Summary
  7. Flow Log
  8. Flow Messages
  9. Flow Suppressed Messages



----------------
; Legal Notice ;
----------------
Copyright (C) 2017  Intel Corporation. All rights reserved.
Your use of Intel Corporation's design tools, logic functions 
and other software and tools, and its AMPP partner logic 
functions, and any output files from any of the foregoing 
(including device programming or simulation files), and any 
associated documentation or information are expressly subject 
to the terms and conditions of the Intel Program License 
Subscription Agreement, the Intel Quartus Prime License Agreement,
the Intel MegaCore Function License Agreement, or other 
applicable license agreement, including, without limitation, 
that your use is for the sole purpose of programming logic 
devices manufactured by Intel and sold by Intel or its 
authorized distributors.  Please refer to the applicable 
agreement for further details.



+-------------------------------------------------------------------------------+
; Flow Summary                                                                  ;
+---------------------------------+---------------------------------------------+
; Flow Status                     ; Successful - Sun Nov 19 16:11:03 2017       ;
; Quartus Prime Version           ; 17.0.0 Build 595 04/25/2017 SJ Lite Edition ;
; Revision Name                   ; BR_Frame_Maker                              ;
; Top-level Entity Name           ; BR_Frame_Maker                              ;
; Family                          ; Cyclone V                                   ;
; Device                          ; 5CGXFC7C7F23C8                              ;
; Timing Models                   ; Final                                       ;
; Logic utilization (in ALMs)     ; 151 / 56,480 ( < 1 % )                      ;
; Total registers                 ; 91                                          ;
; Total pins                      ; 71 / 268 ( 26 % )                           ;
; Total virtual pins              ; 0                                           ;
; Total block memory bits         ; 0 / 7,024,640 ( 0 % )                       ;
; Total DSP Blocks                ; 0 / 156 ( 0 % )                             ;
; Total HSSI RX PCSs              ; 0 / 6 ( 0 % )                               ;
; Total HSSI PMA RX Deserializers ; 0 / 6 ( 0 % )                               ;
; Total HSSI TX PCSs              ; 0 / 6 ( 0 % )                               ;
; Total HSSI PMA TX Serializers   ; 0 / 6 ( 0 % )                               ;
; Total PLLs                      ; 0 / 13 ( 0 % )                              ;
; Total DLLs                      ; 0 / 4 ( 0 % )                               ;
+---------------------------------+---------------------------------------------+


+-----------------------------------------+
; Flow Settings                           ;
+-------------------+---------------------+
; Option            ; Setting             ;
+-------------------+---------------------+
; Start date & time ; 11/19/2017 16:09:08 ;
; Main task         ; Compilation         ;
; Revision Name     ; BR_Frame_Maker      ;
+-------------------+---------------------+


+---------------------------------------------------------------------------------------------------------------------------------+
; Flow Non-Default Global Settings                                                                                                ;
+--------------------------------------+----------------------------------------+---------------+-------------+-------------------+
; Assignment Name                      ; Value                                  ; Default Value ; Entity Name ; Section Id        ;
+--------------------------------------+----------------------------------------+---------------+-------------+-------------------+
; COMPILER_SIGNATURE_ID                ; 96897432612566.151111854801348         ; --            ; --          ; --                ;
; EDA_DESIGN_INSTANCE_NAME             ; NA                                     ; --            ; --          ; BR_Frame_Maker_TB ;
; EDA_NATIVELINK_SIMULATION_TEST_BENCH ; BR_Frame_Maker_TB                      ; --            ; --          ; eda_simulation    ;
; EDA_OUTPUT_DATA_FORMAT               ; Verilog Hdl                            ; --            ; --          ; eda_simulation    ;
; EDA_SIMULATION_TOOL                  ; ModelSim-Altera (Verilog)              ; <None>        ; --          ; --                ;
; EDA_TEST_BENCH_ENABLE_STATUS         ; TEST_BENCH_MODE                        ; --            ; --          ; eda_simulation    ;
; EDA_TEST_BENCH_FILE                  ; BR_Frame_Maker_TB.v                    ; --            ; --          ; BR_Frame_Maker_TB ;
; EDA_TEST_BENCH_MODULE_NAME           ; BR_Frame_Maker_TB                      ; --            ; --          ; BR_Frame_Maker_TB ;
; EDA_TEST_BENCH_NAME                  ; BR_Frame_Maker_TB                      ; --            ; --          ; eda_simulation    ;
; EDA_TIME_SCALE                       ; 1 ps                                   ; --            ; --          ; eda_simulation    ;
; MAX_CORE_JUNCTION_TEMP               ; 85                                     ; --            ; --          ; --                ;
; MIN_CORE_JUNCTION_TEMP               ; 0                                      ; --            ; --          ; --                ;
; PARTITION_COLOR                      ; -- (Not supported for targeted family) ; --            ; --          ; Top               ;
; PARTITION_FITTER_PRESERVATION_LEVEL  ; -- (Not supported for targeted family) ; --            ; --          ; Top               ;
; PARTITION_NETLIST_TYPE               ; -- (Not supported for targeted family) ; --            ; --          ; Top               ;
; POWER_BOARD_THERMAL_MODEL            ; None (CONSERVATIVE)                    ; --            ; --          ; --                ;
; POWER_PRESET_COOLING_SOLUTION        ; 23 MM HEAT SINK WITH 200 LFPM AIRFLOW  ; --            ; --          ; --                ;
; PROJECT_OUTPUT_DIRECTORY             ; output_files                           ; --            ; --          ; --                ;
+--------------------------------------+----------------------------------------+---------------+-------------+-------------------+


+-------------------------------------------------------------------------------------------------------------------------------+
; Flow Elapsed Time                                                                                                             ;
+---------------------------+--------------+-------------------------+---------------------+------------------------------------+
; Module Name               ; Elapsed Time ; Average Processors Used ; Peak Virtual Memory ; Total CPU Time (on all processors) ;
+---------------------------+--------------+-------------------------+---------------------+------------------------------------+
; Analysis & Synthesis      ; 00:00:17     ; 1.0                     ; 702 MB              ; 00:00:39                           ;
; Fitter                    ; 00:01:10     ; 1.0                     ; 2253 MB             ; 00:01:52                           ;
; Assembler                 ; 00:00:11     ; 1.0                     ; 735 MB              ; 00:00:11                           ;
; TimeQuest Timing Analyzer ; 00:00:10     ; 1.1                     ; 1069 MB             ; 00:00:10                           ;
; EDA Netlist Writer        ; 00:00:02     ; 1.0                     ; 653 MB              ; 00:00:02                           ;
; Total                     ; 00:01:50     ; --                      ; --                  ; 00:02:54                           ;
+---------------------------+--------------+-------------------------+---------------------+------------------------------------+


+-----------------------------------------------------------------------------------------+
; Flow OS Summary                                                                         ;
+---------------------------+------------------+------------+------------+----------------+
; Module Name               ; Machine Hostname ; OS Name    ; OS Version ; Processor type ;
+---------------------------+------------------+------------+------------+----------------+
; Analysis & Synthesis      ; LAPTOP-VEH14PMV  ; Windows 10 ; 10.0       ; x86_64         ;
; Fitter                    ; LAPTOP-VEH14PMV  ; Windows 10 ; 10.0       ; x86_64         ;
; Assembler                 ; LAPTOP-VEH14PMV  ; Windows 10 ; 10.0       ; x86_64         ;
; TimeQuest Timing Analyzer ; LAPTOP-VEH14PMV  ; Windows 10 ; 10.0       ; x86_64         ;
; EDA Netlist Writer        ; LAPTOP-VEH14PMV  ; Windows 10 ; 10.0       ; x86_64         ;
+---------------------------+------------------+------------+------------+----------------+


------------
; Flow Log ;
------------
quartus_map --read_settings_files=on --write_settings_files=off BR_Frame_Maker -c BR_Frame_Maker
quartus_fit --read_settings_files=off --write_settings_files=off BR_Frame_Maker -c BR_Frame_Maker
quartus_asm --read_settings_files=off --write_settings_files=off BR_Frame_Maker -c BR_Frame_Maker
quartus_sta BR_Frame_Maker -c BR_Frame_Maker
quartus_eda --read_settings_files=off --write_settings_files=off BR_Frame_Maker -c BR_Frame_Maker



